2025-08-25 15:30:01 [ERROR]: uncaughtException: Identifier 'AuthController' has already been declared
/Users/user/Desktop/jevah-app_backend/src/controllers/auth.controller.ts:825
class AuthController {

SyntaxError: Identifier 'AuthController' has already been declared
    at wrapSafe (node:internal/modules/cjs/loader:1281:20)
    at Module._compile (node:internal/modules/cjs/loader:1321:27)
    at Module._compile (/Users/user/Desktop/jevah-app_backend/node_modules/source-map-support/source-map-support.js:568:25)
    at Module.m._compile (/private/var/folders/l9/1wp23qsj3616_b0__4ljrx6m0000gn/T/ts-node-dev-hook-0001372518537643419.js:69:33)
    at Module._extensions..js (node:internal/modules/cjs/loader:1416:10)
    at require.extensions..jsx.require.extensions..js (/private/var/folders/l9/1wp23qsj3616_b0__4ljrx6m0000gn/T/ts-node-dev-hook-0001372518537643419.js:114:20)
    at require.extensions.<computed> (/private/var/folders/l9/1wp23qsj3616_b0__4ljrx6m0000gn/T/ts-node-dev-hook-0001372518537643419.js:71:20)
    at Object.nodeDevHook [as .ts] (/Users/user/Desktop/jevah-app_backend/node_modules/ts-node-dev/lib/hook.js:63:13)
    at Module.load (node:internal/modules/cjs/loader:1208:32)
    at Function.Module._load (node:internal/modules/cjs/loader:1024:12) {"error":{},"exception":true,"date":"Mon Aug 25 2025 15:30:01 GMT+0100 (West Africa Standard Time)","process":{"pid":44842,"uid":501,"gid":20,"cwd":"/Users/user/Desktop/jevah-app_backend","execPath":"/usr/local/bin/node","version":"v20.13.1","argv":["/usr/local/bin/node","src/index.ts"],"memoryUsage":{"rss":70078464,"heapTotal":39858176,"heapUsed":28618384,"external":20988555,"arrayBuffers":18696651}},"os":{"loadavg":[525.2255859375,439.2275390625,323.3759765625],"uptime":106969},"trace":[{"column":20,"file":"node:internal/modules/cjs/loader","function":"wrapSafe","line":1281,"method":null,"native":false},{"column":27,"file":"node:internal/modules/cjs/loader","function":"Module._compile","line":1321,"method":"_compile","native":false},{"column":25,"file":"/Users/user/Desktop/jevah-app_backend/node_modules/source-map-support/source-map-support.js","function":"Module._compile","line":568,"method":"_compile","native":false},{"column":33,"file":"/private/var/folders/l9/1wp23qsj3616_b0__4ljrx6m0000gn/T/ts-node-dev-hook-0001372518537643419.js","function":"Module.m._compile","line":69,"method":"_compile","native":false},{"column":10,"file":"node:internal/modules/cjs/loader","function":"Module._extensions..js","line":1416,"method":".js","native":false},{"column":20,"file":"/private/var/folders/l9/1wp23qsj3616_b0__4ljrx6m0000gn/T/ts-node-dev-hook-0001372518537643419.js","function":"require.extensions..jsx.require.extensions..js","line":114,"method":".js","native":false},{"column":20,"file":"/private/var/folders/l9/1wp23qsj3616_b0__4ljrx6m0000gn/T/ts-node-dev-hook-0001372518537643419.js","function":"require.extensions.<computed>","line":71,"method":"<computed>","native":false},{"column":13,"file":"/Users/user/Desktop/jevah-app_backend/node_modules/ts-node-dev/lib/hook.js","function":"Object.nodeDevHook [as .ts]","line":63,"method":"ts]","native":false},{"column":32,"file":"node:internal/modules/cjs/loader","function":"Module.load","line":1208,"method":"load","native":false},{"column":12,"file":"node:internal/modules/cjs/loader","function":"Module._load","line":1024,"method":"_load","native":false}]}
/Users/user/Desktop/jevah-app_backend/src/controllers/auth.controller.ts:825
class AuthController {

SyntaxError: Identifier 'AuthController' has already been declared
    at wrapSafe (node:internal/modules/cjs/loader:1281:20)
    at Module._compile (node:internal/modules/cjs/loader:1321:27)
    at Module._compile (/Users/user/Desktop/jevah-app_backend/node_modules/source-map-support/source-map-support.js:568:25)
    at Module.m._compile (/private/var/folders/l9/1wp23qsj3616_b0__4ljrx6m0000gn/T/ts-node-dev-hook-0001372518537643419.js:69:33)
    at Module._extensions..js (node:internal/modules/cjs/loader:1416:10)
    at require.extensions..jsx.require.extensions..js (/private/var/folders/l9/1wp23qsj3616_b0__4ljrx6m0000gn/T/ts-node-dev-hook-0001372518537643419.js:114:20)
    at require.extensions.<computed> (/private/var/folders/l9/1wp23qsj3616_b0__4ljrx6m0000gn/T/ts-node-dev-hook-0001372518537643419.js:71:20)
    at Object.nodeDevHook [as .ts] (/Users/user/Desktop/jevah-app_backend/node_modules/ts-node-dev/lib/hook.js:63:13)
    at Module.load (node:internal/modules/cjs/loader:1208:32)
    at Function.Module._load (node:internal/modules/cjs/loader:1024:12)
2025-08-25 16:14:44 [ERROR]: uncaughtException: ⨯ Unable to compile TypeScript:
src/controllers/auth.controller.ts(1028,3): error TS1128: Declaration or statement expected.
src/controllers/auth.controller.ts(1030,3): error TS1434: Unexpected keyword or identifier.
src/controllers/auth.controller.ts(1030,27): error TS1005: ',' expected.
src/controllers/auth.controller.ts(1030,46): error TS1005: ',' expected.
src/controllers/auth.controller.ts(1030,62): error TS1005: ',' expected.
src/controllers/auth.controller.ts(1030,78): error TS1005: ';' expected.
src/controllers/auth.controller.ts(1097,3): error TS1434: Unexpected keyword or identifier.
src/controllers/auth.controller.ts(1097,29): error TS1005: ',' expected.
src/controllers/auth.controller.ts(1097,48): error TS1005: ',' expected.
src/controllers/auth.controller.ts(1097,64): error TS1005: ',' expected.
src/controllers/auth.controller.ts(1097,80): error TS1005: ';' expected.
src/controllers/auth.controller.ts(1165,3): error TS1434: Unexpected keyword or identifier.
src/controllers/auth.controller.ts(1165,26): error TS1005: ',' expected.
src/controllers/auth.controller.ts(1165,45): error TS1005: ',' expected.
src/controllers/auth.controller.ts(1165,61): error TS1005: ',' expected.
src/controllers/auth.controller.ts(1165,77): error TS1005: ';' expected.
src/controllers/auth.controller.ts(1207,3): error TS1434: Unexpected keyword or identifier.
src/controllers/auth.controller.ts(1207,28): error TS1005: ',' expected.
src/controllers/auth.controller.ts(1207,47): error TS1005: ',' expected.
src/controllers/auth.controller.ts(1207,63): error TS1005: ',' expected.
src/controllers/auth.controller.ts(1207,79): error TS1005: ';' expected.
src/controllers/auth.controller.ts(1251,3): error TS1434: Unexpected keyword or identifier.
src/controllers/auth.controller.ts(1252,12): error TS1005: ',' expected.
src/controllers/auth.controller.ts(1253,13): error TS1005: ',' expected.
src/controllers/auth.controller.ts(1254,9): error TS1005: ',' expected.
src/controllers/auth.controller.ts(1255,5): error TS1005: ';' expected.
src/controllers/auth.controller.ts(1286,3): error TS1434: Unexpected keyword or identifier.
src/controllers/auth.controller.ts(1287,12): error TS1005: ',' expected.
src/controllers/auth.controller.ts(1288,13): error TS1005: ',' expected.
src/controllers/auth.controller.ts(1289,9): error TS1005: ',' expected.
src/controllers/auth.controller.ts(1290,5): error TS1005: ';' expected.
src/controllers/auth.controller.ts(1326,3): error TS1434: Unexpected keyword or identifier.
src/controllers/auth.controller.ts(1327,12): error TS1005: ',' expected.
src/controllers/auth.controller.ts(1328,13): error TS1005: ',' expected.
src/controllers/auth.controller.ts(1329,9): error TS1005: ',' expected.
src/controllers/auth.controller.ts(1330,5): error TS1005: ';' expected.
src/controllers/auth.controller.ts(1420,3): error TS1434: Unexpected keyword or identifier.
src/controllers/auth.controller.ts(1421,12): error TS1005: ',' expected.
src/controllers/auth.controller.ts(1422,13): error TS1005: ',' expected.
src/controllers/auth.controller.ts(1423,9): error TS1005: ',' expected.
src/controllers/auth.controller.ts(1424,5): error TS1005: ';' expected.
src/controllers/auth.controller.ts(1451,3): error TS1434: Unexpected keyword or identifier.
src/controllers/auth.controller.ts(1452,12): error TS1005: ',' expected.
src/controllers/auth.controller.ts(1453,13): error TS1005: ',' expected.
src/controllers/auth.controller.ts(1454,9): error TS1005: ',' expected.
src/controllers/auth.controller.ts(1455,5): error TS1005: ';' expected.
src/controllers/auth.controller.ts(1482,3): error TS1434: Unexpected keyword or identifier.
src/controllers/auth.controller.ts(1483,12): error TS1005: ',' expected.
src/controllers/auth.controller.ts(1484,13): error TS1005: ',' expected.
src/controllers/auth.controller.ts(1485,9): error TS1005: ',' expected.
src/controllers/auth.controller.ts(1486,5): error TS1005: ';' expected.
src/controllers/auth.controller.ts(1562,3): error TS1434: Unexpected keyword or identifier.
src/controllers/auth.controller.ts(1563,12): error TS1005: ',' expected.
src/controllers/auth.controller.ts(1564,13): error TS1005: ',' expected.
src/controllers/auth.controller.ts(1565,9): error TS1005: ',' expected.
src/controllers/auth.controller.ts(1566,5): error TS1005: ';' expected.
src/controllers/auth.controller.ts(1595,3): error TS1434: Unexpected keyword or identifier.
src/controllers/auth.controller.ts(1595,23): error TS1005: ',' expected.
src/controllers/auth.controller.ts(1595,42): error TS1005: ',' expected.
src/controllers/auth.controller.ts(1595,58): error TS1005: ',' expected.
src/controllers/auth.controller.ts(1595,74): error TS1005: ';' expected.
src/controllers/auth.controller.ts(1624,3): error TS1434: Unexpected keyword or identifier.
src/controllers/auth.controller.ts(1625,12): error TS1005: ',' expected.
src/controllers/auth.controller.ts(1626,13): error TS1005: ',' expected.
src/controllers/auth.controller.ts(1627,9): error TS1005: ',' expected.
src/controllers/auth.controller.ts(1628,5): error TS1005: ';' expected.
src/controllers/auth.controller.ts(1713,3): error TS1434: Unexpected keyword or identifier.
src/controllers/auth.controller.ts(1713,29): error TS1005: ',' expected.
src/controllers/auth.controller.ts(1713,48): error TS1005: ',' expected.
src/controllers/auth.controller.ts(1713,64): error TS1005: ',' expected.
src/controllers/auth.controller.ts(1713,80): error TS1005: ';' expected.
src/controllers/auth.controller.ts(1754,3): error TS1434: Unexpected keyword or identifier.
src/controllers/auth.controller.ts(1755,12): error TS1005: ',' expected.
src/controllers/auth.controller.ts(1756,13): error TS1005: ',' expected.
src/controllers/auth.controller.ts(1757,9): error TS1005: ',' expected.
src/controllers/auth.controller.ts(1758,5): error TS1005: ';' expected.
src/controllers/auth.controller.ts(1806,3): error TS1434: Unexpected keyword or identifier.
src/controllers/auth.controller.ts(1807,12): error TS1005: ',' expected.
src/controllers/auth.controller.ts(1808,13): error TS1005: ',' expected.
src/controllers/auth.controller.ts(1809,9): error TS1005: ',' expected.
src/controllers/auth.controller.ts(1810,5): error TS1005: ';' expected.
src/controllers/auth.controller.ts(1837,3): error TS1434: Unexpected keyword or identifier.
src/controllers/auth.controller.ts(1838,12): error TS1005: ',' expected.
src/controllers/auth.controller.ts(1839,13): error TS1005: ',' expected.
src/controllers/auth.controller.ts(1840,9): error TS1005: ',' expected.
src/controllers/auth.controller.ts(1841,5): error TS1005: ';' expected.
src/controllers/auth.controller.ts(1867,1): error TS1128: Declaration or statement expected.

Error: ⨯ Unable to compile TypeScript:
src/controllers/auth.controller.ts(1028,3): error TS1128: Declaration or statement expected.
src/controllers/auth.controller.ts(1030,3): error TS1434: Unexpected keyword or identifier.
src/controllers/auth.controller.ts(1030,27): error TS1005: ',' expected.
src/controllers/auth.controller.ts(1030,46): error TS1005: ',' expected.
src/controllers/auth.controller.ts(1030,62): error TS1005: ',' expected.
src/controllers/auth.controller.ts(1030,78): error TS1005: ';' expected.
src/controllers/auth.controller.ts(1097,3): error TS1434: Unexpected keyword or identifier.
src/controllers/auth.controller.ts(1097,29): error TS1005: ',' expected.
src/controllers/auth.controller.ts(1097,48): error TS1005: ',' expected.
src/controllers/auth.controller.ts(1097,64): error TS1005: ',' expected.
src/controllers/auth.controller.ts(1097,80): error TS1005: ';' expected.
src/controllers/auth.controller.ts(1165,3): error TS1434: Unexpected keyword or identifier.
src/controllers/auth.controller.ts(1165,26): error TS1005: ',' expected.
src/controllers/auth.controller.ts(1165,45): error TS1005: ',' expected.
src/controllers/auth.controller.ts(1165,61): error TS1005: ',' expected.
src/controllers/auth.controller.ts(1165,77): error TS1005: ';' expected.
src/controllers/auth.controller.ts(1207,3): error TS1434: Unexpected keyword or identifier.
src/controllers/auth.controller.ts(1207,28): error TS1005: ',' expected.
src/controllers/auth.controller.ts(1207,47): error TS1005: ',' expected.
src/controllers/auth.controller.ts(1207,63): error TS1005: ',' expected.
src/controllers/auth.controller.ts(1207,79): error TS1005: ';' expected.
src/controllers/auth.controller.ts(1251,3): error TS1434: Unexpected keyword or identifier.
src/controllers/auth.controller.ts(1252,12): error TS1005: ',' expected.
src/controllers/auth.controller.ts(1253,13): error TS1005: ',' expected.
src/controllers/auth.controller.ts(1254,9): error TS1005: ',' expected.
src/controllers/auth.controller.ts(1255,5): error TS1005: ';' expected.
src/controllers/auth.controller.ts(1286,3): error TS1434: Unexpected keyword or identifier.
src/controllers/auth.controller.ts(1287,12): error TS1005: ',' expected.
src/controllers/auth.controller.ts(1288,13): error TS1005: ',' expected.
src/controllers/auth.controller.ts(1289,9): error TS1005: ',' expected.
src/controllers/auth.controller.ts(1290,5): error TS1005: ';' expected.
src/controllers/auth.controller.ts(1326,3): error TS1434: Unexpected keyword or identifier.
src/controllers/auth.controller.ts(1327,12): error TS1005: ',' expected.
src/controllers/auth.controller.ts(1328,13): error TS1005: ',' expected.
src/controllers/auth.controller.ts(1329,9): error TS1005: ',' expected.
src/controllers/auth.controller.ts(1330,5): error TS1005: ';' expected.
src/controllers/auth.controller.ts(1420,3): error TS1434: Unexpected keyword or identifier.
src/controllers/auth.controller.ts(1421,12): error TS1005: ',' expected.
src/controllers/auth.controller.ts(1422,13): error TS1005: ',' expected.
src/controllers/auth.controller.ts(1423,9): error TS1005: ',' expected.
src/controllers/auth.controller.ts(1424,5): error TS1005: ';' expected.
src/controllers/auth.controller.ts(1451,3): error TS1434: Unexpected keyword or identifier.
src/controllers/auth.controller.ts(1452,12): error TS1005: ',' expected.
src/controllers/auth.controller.ts(1453,13): error TS1005: ',' expected.
src/controllers/auth.controller.ts(1454,9): error TS1005: ',' expected.
src/controllers/auth.controller.ts(1455,5): error TS1005: ';' expected.
src/controllers/auth.controller.ts(1482,3): error TS1434: Unexpected keyword or identifier.
src/controllers/auth.controller.ts(1483,12): error TS1005: ',' expected.
src/controllers/auth.controller.ts(1484,13): error TS1005: ',' expected.
src/controllers/auth.controller.ts(1485,9): error TS1005: ',' expected.
src/controllers/auth.controller.ts(1486,5): error TS1005: ';' expected.
src/controllers/auth.controller.ts(1562,3): error TS1434: Unexpected keyword or identifier.
src/controllers/auth.controller.ts(1563,12): error TS1005: ',' expected.
src/controllers/auth.controller.ts(1564,13): error TS1005: ',' expected.
src/controllers/auth.controller.ts(1565,9): error TS1005: ',' expected.
src/controllers/auth.controller.ts(1566,5): error TS1005: ';' expected.
src/controllers/auth.controller.ts(1595,3): error TS1434: Unexpected keyword or identifier.
src/controllers/auth.controller.ts(1595,23): error TS1005: ',' expected.
src/controllers/auth.controller.ts(1595,42): error TS1005: ',' expected.
src/controllers/auth.controller.ts(1595,58): error TS1005: ',' expected.
src/controllers/auth.controller.ts(1595,74): error TS1005: ';' expected.
src/controllers/auth.controller.ts(1624,3): error TS1434: Unexpected keyword or identifier.
src/controllers/auth.controller.ts(1625,12): error TS1005: ',' expected.
src/controllers/auth.controller.ts(1626,13): error TS1005: ',' expected.
src/controllers/auth.controller.ts(1627,9): error TS1005: ',' expected.
src/controllers/auth.controller.ts(1628,5): error TS1005: ';' expected.
src/controllers/auth.controller.ts(1713,3): error TS1434: Unexpected keyword or identifier.
src/controllers/auth.controller.ts(1713,29): error TS1005: ',' expected.
src/controllers/auth.controller.ts(1713,48): error TS1005: ',' expected.
src/controllers/auth.controller.ts(1713,64): error TS1005: ',' expected.
src/controllers/auth.controller.ts(1713,80): error TS1005: ';' expected.
src/controllers/auth.controller.ts(1754,3): error TS1434: Unexpected keyword or identifier.
src/controllers/auth.controller.ts(1755,12): error TS1005: ',' expected.
src/controllers/auth.controller.ts(1756,13): error TS1005: ',' expected.
src/controllers/auth.controller.ts(1757,9): error TS1005: ',' expected.
src/controllers/auth.controller.ts(1758,5): error TS1005: ';' expected.
src/controllers/auth.controller.ts(1806,3): error TS1434: Unexpected keyword or identifier.
src/controllers/auth.controller.ts(1807,12): error TS1005: ',' expected.
src/controllers/auth.controller.ts(1808,13): error TS1005: ',' expected.
src/controllers/auth.controller.ts(1809,9): error TS1005: ',' expected.
src/controllers/auth.controller.ts(1810,5): error TS1005: ';' expected.
src/controllers/auth.controller.ts(1837,3): error TS1434: Unexpected keyword or identifier.
src/controllers/auth.controller.ts(1838,12): error TS1005: ',' expected.
src/controllers/auth.controller.ts(1839,13): error TS1005: ',' expected.
src/controllers/auth.controller.ts(1840,9): error TS1005: ',' expected.
src/controllers/auth.controller.ts(1841,5): error TS1005: ';' expected.
src/controllers/auth.controller.ts(1867,1): error TS1128: Declaration or statement expected.

    at Object.<anonymous> (/Users/user/Desktop/jevah-app_backend/src/controllers/auth.controller.ts:1:7)
    at Module._compile (node:internal/modules/cjs/loader:1358:14)
    at Module._compile (/Users/user/Desktop/jevah-app_backend/node_modules/source-map-support/source-map-support.js:568:25)
    at Module.m._compile (/private/var/folders/l9/1wp23qsj3616_b0__4ljrx6m0000gn/T/ts-node-dev-hook-0001372518537643419.js:69:33)
    at Module._extensions..js (node:internal/modules/cjs/loader:1416:10)
    at require.extensions..jsx.require.extensions..js (/private/var/folders/l9/1wp23qsj3616_b0__4ljrx6m0000gn/T/ts-node-dev-hook-0001372518537643419.js:114:20)
    at require.extensions.<computed> (/private/var/folders/l9/1wp23qsj3616_b0__4ljrx6m0000gn/T/ts-node-dev-hook-0001372518537643419.js:71:20)
    at Object.nodeDevHook [as .ts] (/Users/user/Desktop/jevah-app_backend/node_modules/ts-node-dev/lib/hook.js:63:13)
    at Module.load (node:internal/modules/cjs/loader:1208:32)
    at Function.Module._load (node:internal/modules/cjs/loader:1024:12) {"error":{},"exception":true,"date":"Mon Aug 25 2025 16:14:43 GMT+0100 (West Africa Standard Time)","process":{"pid":57738,"uid":501,"gid":20,"cwd":"/Users/user/Desktop/jevah-app_backend","execPath":"/usr/local/bin/node","version":"v20.13.1","argv":["/usr/local/bin/node","src/index.ts"],"memoryUsage":{"rss":74686464,"heapTotal":58261504,"heapUsed":23868416,"external":20552165,"arrayBuffers":18270659}},"os":{"loadavg":[48.06396484375,49.6982421875,140.861328125],"uptime":109652},"trace":[{"column":7,"file":"/Users/user/Desktop/jevah-app_backend/src/controllers/auth.controller.ts","function":null,"line":1,"method":null,"native":false},{"column":14,"file":"node:internal/modules/cjs/loader","function":"Module._compile","line":1358,"method":"_compile","native":false},{"column":25,"file":"/Users/user/Desktop/jevah-app_backend/node_modules/source-map-support/source-map-support.js","function":"Module._compile","line":568,"method":"_compile","native":false},{"column":33,"file":"/private/var/folders/l9/1wp23qsj3616_b0__4ljrx6m0000gn/T/ts-node-dev-hook-0001372518537643419.js","function":"Module.m._compile","line":69,"method":"_compile","native":false},{"column":10,"file":"node:internal/modules/cjs/loader","function":"Module._extensions..js","line":1416,"method":".js","native":false},{"column":20,"file":"/private/var/folders/l9/1wp23qsj3616_b0__4ljrx6m0000gn/T/ts-node-dev-hook-0001372518537643419.js","function":"require.extensions..jsx.require.extensions..js","line":114,"method":".js","native":false},{"column":20,"file":"/private/var/folders/l9/1wp23qsj3616_b0__4ljrx6m0000gn/T/ts-node-dev-hook-0001372518537643419.js","function":"require.extensions.<computed>","line":71,"method":"<computed>","native":false},{"column":13,"file":"/Users/user/Desktop/jevah-app_backend/node_modules/ts-node-dev/lib/hook.js","function":"Object.nodeDevHook [as .ts]","line":63,"method":"ts]","native":false},{"column":32,"file":"node:internal/modules/cjs/loader","function":"Module.load","line":1208,"method":"load","native":false},{"column":12,"file":"node:internal/modules/cjs/loader","function":"Module._load","line":1024,"method":"_load","native":false}]}
Error: ⨯ Unable to compile TypeScript:
src/controllers/auth.controller.ts(1028,3): error TS1128: Declaration or statement expected.
src/controllers/auth.controller.ts(1030,3): error TS1434: Unexpected keyword or identifier.
src/controllers/auth.controller.ts(1030,27): error TS1005: ',' expected.
src/controllers/auth.controller.ts(1030,46): error TS1005: ',' expected.
src/controllers/auth.controller.ts(1030,62): error TS1005: ',' expected.
src/controllers/auth.controller.ts(1030,78): error TS1005: ';' expected.
src/controllers/auth.controller.ts(1097,3): error TS1434: Unexpected keyword or identifier.
src/controllers/auth.controller.ts(1097,29): error TS1005: ',' expected.
src/controllers/auth.controller.ts(1097,48): error TS1005: ',' expected.
src/controllers/auth.controller.ts(1097,64): error TS1005: ',' expected.
src/controllers/auth.controller.ts(1097,80): error TS1005: ';' expected.
src/controllers/auth.controller.ts(1165,3): error TS1434: Unexpected keyword or identifier.
src/controllers/auth.controller.ts(1165,26): error TS1005: ',' expected.
src/controllers/auth.controller.ts(1165,45): error TS1005: ',' expected.
src/controllers/auth.controller.ts(1165,61): error TS1005: ',' expected.
src/controllers/auth.controller.ts(1165,77): error TS1005: ';' expected.
src/controllers/auth.controller.ts(1207,3): error TS1434: Unexpected keyword or identifier.
src/controllers/auth.controller.ts(1207,28): error TS1005: ',' expected.
src/controllers/auth.controller.ts(1207,47): error TS1005: ',' expected.
src/controllers/auth.controller.ts(1207,63): error TS1005: ',' expected.
src/controllers/auth.controller.ts(1207,79): error TS1005: ';' expected.
src/controllers/auth.controller.ts(1251,3): error TS1434: Unexpected keyword or identifier.
src/controllers/auth.controller.ts(1252,12): error TS1005: ',' expected.
src/controllers/auth.controller.ts(1253,13): error TS1005: ',' expected.
src/controllers/auth.controller.ts(1254,9): error TS1005: ',' expected.
src/controllers/auth.controller.ts(1255,5): error TS1005: ';' expected.
src/controllers/auth.controller.ts(1286,3): error TS1434: Unexpected keyword or identifier.
src/controllers/auth.controller.ts(1287,12): error TS1005: ',' expected.
src/controllers/auth.controller.ts(1288,13): error TS1005: ',' expected.
src/controllers/auth.controller.ts(1289,9): error TS1005: ',' expected.
src/controllers/auth.controller.ts(1290,5): error TS1005: ';' expected.
src/controllers/auth.controller.ts(1326,3): error TS1434: Unexpected keyword or identifier.
src/controllers/auth.controller.ts(1327,12): error TS1005: ',' expected.
src/controllers/auth.controller.ts(1328,13): error TS1005: ',' expected.
src/controllers/auth.controller.ts(1329,9): error TS1005: ',' expected.
src/controllers/auth.controller.ts(1330,5): error TS1005: ';' expected.
src/controllers/auth.controller.ts(1420,3): error TS1434: Unexpected keyword or identifier.
src/controllers/auth.controller.ts(1421,12): error TS1005: ',' expected.
src/controllers/auth.controller.ts(1422,13): error TS1005: ',' expected.
src/controllers/auth.controller.ts(1423,9): error TS1005: ',' expected.
src/controllers/auth.controller.ts(1424,5): error TS1005: ';' expected.
src/controllers/auth.controller.ts(1451,3): error TS1434: Unexpected keyword or identifier.
src/controllers/auth.controller.ts(1452,12): error TS1005: ',' expected.
src/controllers/auth.controller.ts(1453,13): error TS1005: ',' expected.
src/controllers/auth.controller.ts(1454,9): error TS1005: ',' expected.
src/controllers/auth.controller.ts(1455,5): error TS1005: ';' expected.
src/controllers/auth.controller.ts(1482,3): error TS1434: Unexpected keyword or identifier.
src/controllers/auth.controller.ts(1483,12): error TS1005: ',' expected.
src/controllers/auth.controller.ts(1484,13): error TS1005: ',' expected.
src/controllers/auth.controller.ts(1485,9): error TS1005: ',' expected.
src/controllers/auth.controller.ts(1486,5): error TS1005: ';' expected.
src/controllers/auth.controller.ts(1562,3): error TS1434: Unexpected keyword or identifier.
src/controllers/auth.controller.ts(1563,12): error TS1005: ',' expected.
src/controllers/auth.controller.ts(1564,13): error TS1005: ',' expected.
src/controllers/auth.controller.ts(1565,9): error TS1005: ',' expected.
src/controllers/auth.controller.ts(1566,5): error TS1005: ';' expected.
src/controllers/auth.controller.ts(1595,3): error TS1434: Unexpected keyword or identifier.
src/controllers/auth.controller.ts(1595,23): error TS1005: ',' expected.
src/controllers/auth.controller.ts(1595,42): error TS1005: ',' expected.
src/controllers/auth.controller.ts(1595,58): error TS1005: ',' expected.
src/controllers/auth.controller.ts(1595,74): error TS1005: ';' expected.
src/controllers/auth.controller.ts(1624,3): error TS1434: Unexpected keyword or identifier.
src/controllers/auth.controller.ts(1625,12): error TS1005: ',' expected.
src/controllers/auth.controller.ts(1626,13): error TS1005: ',' expected.
src/controllers/auth.controller.ts(1627,9): error TS1005: ',' expected.
src/controllers/auth.controller.ts(1628,5): error TS1005: ';' expected.
src/controllers/auth.controller.ts(1713,3): error TS1434: Unexpected keyword or identifier.
src/controllers/auth.controller.ts(1713,29): error TS1005: ',' expected.
src/controllers/auth.controller.ts(1713,48): error TS1005: ',' expected.
src/controllers/auth.controller.ts(1713,64): error TS1005: ',' expected.
src/controllers/auth.controller.ts(1713,80): error TS1005: ';' expected.
src/controllers/auth.controller.ts(1754,3): error TS1434: Unexpected keyword or identifier.
src/controllers/auth.controller.ts(1755,12): error TS1005: ',' expected.
src/controllers/auth.controller.ts(1756,13): error TS1005: ',' expected.
src/controllers/auth.controller.ts(1757,9): error TS1005: ',' expected.
src/controllers/auth.controller.ts(1758,5): error TS1005: ';' expected.
src/controllers/auth.controller.ts(1806,3): error TS1434: Unexpected keyword or identifier.
src/controllers/auth.controller.ts(1807,12): error TS1005: ',' expected.
src/controllers/auth.controller.ts(1808,13): error TS1005: ',' expected.
src/controllers/auth.controller.ts(1809,9): error TS1005: ',' expected.
src/controllers/auth.controller.ts(1810,5): error TS1005: ';' expected.
src/controllers/auth.controller.ts(1837,3): error TS1434: Unexpected keyword or identifier.
src/controllers/auth.controller.ts(1838,12): error TS1005: ',' expected.
src/controllers/auth.controller.ts(1839,13): error TS1005: ',' expected.
src/controllers/auth.controller.ts(1840,9): error TS1005: ',' expected.
src/controllers/auth.controller.ts(1841,5): error TS1005: ';' expected.
src/controllers/auth.controller.ts(1867,1): error TS1128: Declaration or statement expected.

    at Object.<anonymous> (/Users/user/Desktop/jevah-app_backend/src/controllers/auth.controller.ts:1:7)
    at Module._compile (node:internal/modules/cjs/loader:1358:14)
    at Module._compile (/Users/user/Desktop/jevah-app_backend/node_modules/source-map-support/source-map-support.js:568:25)
    at Module.m._compile (/private/var/folders/l9/1wp23qsj3616_b0__4ljrx6m0000gn/T/ts-node-dev-hook-0001372518537643419.js:69:33)
    at Module._extensions..js (node:internal/modules/cjs/loader:1416:10)
    at require.extensions..jsx.require.extensions..js (/private/var/folders/l9/1wp23qsj3616_b0__4ljrx6m0000gn/T/ts-node-dev-hook-0001372518537643419.js:114:20)
    at require.extensions.<computed> (/private/var/folders/l9/1wp23qsj3616_b0__4ljrx6m0000gn/T/ts-node-dev-hook-0001372518537643419.js:71:20)
    at Object.nodeDevHook [as .ts] (/Users/user/Desktop/jevah-app_backend/node_modules/ts-node-dev/lib/hook.js:63:13)
    at Module.load (node:internal/modules/cjs/loader:1208:32)
    at Function.Module._load (node:internal/modules/cjs/loader:1024:12)
2025-08-25 16:15:18 [ERROR]: uncaughtException: ⨯ Unable to compile TypeScript:
src/controllers/auth.controller.ts(1028,3): error TS1128: Declaration or statement expected.
src/controllers/auth.controller.ts(1030,3): error TS1434: Unexpected keyword or identifier.
src/controllers/auth.controller.ts(1030,27): error TS1005: ',' expected.
src/controllers/auth.controller.ts(1030,46): error TS1005: ',' expected.
src/controllers/auth.controller.ts(1030,62): error TS1005: ',' expected.
src/controllers/auth.controller.ts(1030,78): error TS1005: ';' expected.
src/controllers/auth.controller.ts(1097,3): error TS1434: Unexpected keyword or identifier.
src/controllers/auth.controller.ts(1097,29): error TS1005: ',' expected.
src/controllers/auth.controller.ts(1097,48): error TS1005: ',' expected.
src/controllers/auth.controller.ts(1097,64): error TS1005: ',' expected.
src/controllers/auth.controller.ts(1097,80): error TS1005: ';' expected.
src/controllers/auth.controller.ts(1165,3): error TS1434: Unexpected keyword or identifier.
src/controllers/auth.controller.ts(1165,26): error TS1005: ',' expected.
src/controllers/auth.controller.ts(1165,45): error TS1005: ',' expected.
src/controllers/auth.controller.ts(1165,61): error TS1005: ',' expected.
src/controllers/auth.controller.ts(1165,77): error TS1005: ';' expected.
src/controllers/auth.controller.ts(1207,3): error TS1434: Unexpected keyword or identifier.
src/controllers/auth.controller.ts(1207,28): error TS1005: ',' expected.
src/controllers/auth.controller.ts(1207,47): error TS1005: ',' expected.
src/controllers/auth.controller.ts(1207,63): error TS1005: ',' expected.
src/controllers/auth.controller.ts(1207,79): error TS1005: ';' expected.
src/controllers/auth.controller.ts(1251,3): error TS1434: Unexpected keyword or identifier.
src/controllers/auth.controller.ts(1252,12): error TS1005: ',' expected.
src/controllers/auth.controller.ts(1253,13): error TS1005: ',' expected.
src/controllers/auth.controller.ts(1254,9): error TS1005: ',' expected.
src/controllers/auth.controller.ts(1255,5): error TS1005: ';' expected.
src/controllers/auth.controller.ts(1286,3): error TS1434: Unexpected keyword or identifier.
src/controllers/auth.controller.ts(1287,12): error TS1005: ',' expected.
src/controllers/auth.controller.ts(1288,13): error TS1005: ',' expected.
src/controllers/auth.controller.ts(1289,9): error TS1005: ',' expected.
src/controllers/auth.controller.ts(1290,5): error TS1005: ';' expected.
src/controllers/auth.controller.ts(1326,3): error TS1434: Unexpected keyword or identifier.
src/controllers/auth.controller.ts(1327,12): error TS1005: ',' expected.
src/controllers/auth.controller.ts(1328,13): error TS1005: ',' expected.
src/controllers/auth.controller.ts(1329,9): error TS1005: ',' expected.
src/controllers/auth.controller.ts(1330,5): error TS1005: ';' expected.
src/controllers/auth.controller.ts(1420,3): error TS1434: Unexpected keyword or identifier.
src/controllers/auth.controller.ts(1421,12): error TS1005: ',' expected.
src/controllers/auth.controller.ts(1422,13): error TS1005: ',' expected.
src/controllers/auth.controller.ts(1423,9): error TS1005: ',' expected.
src/controllers/auth.controller.ts(1424,5): error TS1005: ';' expected.
src/controllers/auth.controller.ts(1451,3): error TS1434: Unexpected keyword or identifier.
src/controllers/auth.controller.ts(1452,12): error TS1005: ',' expected.
src/controllers/auth.controller.ts(1453,13): error TS1005: ',' expected.
src/controllers/auth.controller.ts(1454,9): error TS1005: ',' expected.
src/controllers/auth.controller.ts(1455,5): error TS1005: ';' expected.
src/controllers/auth.controller.ts(1482,3): error TS1434: Unexpected keyword or identifier.
src/controllers/auth.controller.ts(1483,12): error TS1005: ',' expected.
src/controllers/auth.controller.ts(1484,13): error TS1005: ',' expected.
src/controllers/auth.controller.ts(1485,9): error TS1005: ',' expected.
src/controllers/auth.controller.ts(1486,5): error TS1005: ';' expected.
src/controllers/auth.controller.ts(1562,3): error TS1434: Unexpected keyword or identifier.
src/controllers/auth.controller.ts(1563,12): error TS1005: ',' expected.
src/controllers/auth.controller.ts(1564,13): error TS1005: ',' expected.
src/controllers/auth.controller.ts(1565,9): error TS1005: ',' expected.
src/controllers/auth.controller.ts(1566,5): error TS1005: ';' expected.
src/controllers/auth.controller.ts(1595,3): error TS1434: Unexpected keyword or identifier.
src/controllers/auth.controller.ts(1595,23): error TS1005: ',' expected.
src/controllers/auth.controller.ts(1595,42): error TS1005: ',' expected.
src/controllers/auth.controller.ts(1595,58): error TS1005: ',' expected.
src/controllers/auth.controller.ts(1595,74): error TS1005: ';' expected.
src/controllers/auth.controller.ts(1624,3): error TS1434: Unexpected keyword or identifier.
src/controllers/auth.controller.ts(1625,12): error TS1005: ',' expected.
src/controllers/auth.controller.ts(1626,13): error TS1005: ',' expected.
src/controllers/auth.controller.ts(1627,9): error TS1005: ',' expected.
src/controllers/auth.controller.ts(1628,5): error TS1005: ';' expected.
src/controllers/auth.controller.ts(1713,3): error TS1434: Unexpected keyword or identifier.
src/controllers/auth.controller.ts(1713,29): error TS1005: ',' expected.
src/controllers/auth.controller.ts(1713,48): error TS1005: ',' expected.
src/controllers/auth.controller.ts(1713,64): error TS1005: ',' expected.
src/controllers/auth.controller.ts(1713,80): error TS1005: ';' expected.
src/controllers/auth.controller.ts(1754,3): error TS1434: Unexpected keyword or identifier.
src/controllers/auth.controller.ts(1755,12): error TS1005: ',' expected.
src/controllers/auth.controller.ts(1756,13): error TS1005: ',' expected.
src/controllers/auth.controller.ts(1757,9): error TS1005: ',' expected.
src/controllers/auth.controller.ts(1758,5): error TS1005: ';' expected.
src/controllers/auth.controller.ts(1806,3): error TS1434: Unexpected keyword or identifier.
src/controllers/auth.controller.ts(1807,12): error TS1005: ',' expected.
src/controllers/auth.controller.ts(1808,13): error TS1005: ',' expected.
src/controllers/auth.controller.ts(1809,9): error TS1005: ',' expected.
src/controllers/auth.controller.ts(1810,5): error TS1005: ';' expected.
src/controllers/auth.controller.ts(1837,3): error TS1434: Unexpected keyword or identifier.
src/controllers/auth.controller.ts(1838,12): error TS1005: ',' expected.
src/controllers/auth.controller.ts(1839,13): error TS1005: ',' expected.
src/controllers/auth.controller.ts(1840,9): error TS1005: ',' expected.
src/controllers/auth.controller.ts(1841,5): error TS1005: ';' expected.
src/controllers/auth.controller.ts(1867,1): error TS1128: Declaration or statement expected.

Error: ⨯ Unable to compile TypeScript:
src/controllers/auth.controller.ts(1028,3): error TS1128: Declaration or statement expected.
src/controllers/auth.controller.ts(1030,3): error TS1434: Unexpected keyword or identifier.
src/controllers/auth.controller.ts(1030,27): error TS1005: ',' expected.
src/controllers/auth.controller.ts(1030,46): error TS1005: ',' expected.
src/controllers/auth.controller.ts(1030,62): error TS1005: ',' expected.
src/controllers/auth.controller.ts(1030,78): error TS1005: ';' expected.
src/controllers/auth.controller.ts(1097,3): error TS1434: Unexpected keyword or identifier.
src/controllers/auth.controller.ts(1097,29): error TS1005: ',' expected.
src/controllers/auth.controller.ts(1097,48): error TS1005: ',' expected.
src/controllers/auth.controller.ts(1097,64): error TS1005: ',' expected.
src/controllers/auth.controller.ts(1097,80): error TS1005: ';' expected.
src/controllers/auth.controller.ts(1165,3): error TS1434: Unexpected keyword or identifier.
src/controllers/auth.controller.ts(1165,26): error TS1005: ',' expected.
src/controllers/auth.controller.ts(1165,45): error TS1005: ',' expected.
src/controllers/auth.controller.ts(1165,61): error TS1005: ',' expected.
src/controllers/auth.controller.ts(1165,77): error TS1005: ';' expected.
src/controllers/auth.controller.ts(1207,3): error TS1434: Unexpected keyword or identifier.
src/controllers/auth.controller.ts(1207,28): error TS1005: ',' expected.
src/controllers/auth.controller.ts(1207,47): error TS1005: ',' expected.
src/controllers/auth.controller.ts(1207,63): error TS1005: ',' expected.
src/controllers/auth.controller.ts(1207,79): error TS1005: ';' expected.
src/controllers/auth.controller.ts(1251,3): error TS1434: Unexpected keyword or identifier.
src/controllers/auth.controller.ts(1252,12): error TS1005: ',' expected.
src/controllers/auth.controller.ts(1253,13): error TS1005: ',' expected.
src/controllers/auth.controller.ts(1254,9): error TS1005: ',' expected.
src/controllers/auth.controller.ts(1255,5): error TS1005: ';' expected.
src/controllers/auth.controller.ts(1286,3): error TS1434: Unexpected keyword or identifier.
src/controllers/auth.controller.ts(1287,12): error TS1005: ',' expected.
src/controllers/auth.controller.ts(1288,13): error TS1005: ',' expected.
src/controllers/auth.controller.ts(1289,9): error TS1005: ',' expected.
src/controllers/auth.controller.ts(1290,5): error TS1005: ';' expected.
src/controllers/auth.controller.ts(1326,3): error TS1434: Unexpected keyword or identifier.
src/controllers/auth.controller.ts(1327,12): error TS1005: ',' expected.
src/controllers/auth.controller.ts(1328,13): error TS1005: ',' expected.
src/controllers/auth.controller.ts(1329,9): error TS1005: ',' expected.
src/controllers/auth.controller.ts(1330,5): error TS1005: ';' expected.
src/controllers/auth.controller.ts(1420,3): error TS1434: Unexpected keyword or identifier.
src/controllers/auth.controller.ts(1421,12): error TS1005: ',' expected.
src/controllers/auth.controller.ts(1422,13): error TS1005: ',' expected.
src/controllers/auth.controller.ts(1423,9): error TS1005: ',' expected.
src/controllers/auth.controller.ts(1424,5): error TS1005: ';' expected.
src/controllers/auth.controller.ts(1451,3): error TS1434: Unexpected keyword or identifier.
src/controllers/auth.controller.ts(1452,12): error TS1005: ',' expected.
src/controllers/auth.controller.ts(1453,13): error TS1005: ',' expected.
src/controllers/auth.controller.ts(1454,9): error TS1005: ',' expected.
src/controllers/auth.controller.ts(1455,5): error TS1005: ';' expected.
src/controllers/auth.controller.ts(1482,3): error TS1434: Unexpected keyword or identifier.
src/controllers/auth.controller.ts(1483,12): error TS1005: ',' expected.
src/controllers/auth.controller.ts(1484,13): error TS1005: ',' expected.
src/controllers/auth.controller.ts(1485,9): error TS1005: ',' expected.
src/controllers/auth.controller.ts(1486,5): error TS1005: ';' expected.
src/controllers/auth.controller.ts(1562,3): error TS1434: Unexpected keyword or identifier.
src/controllers/auth.controller.ts(1563,12): error TS1005: ',' expected.
src/controllers/auth.controller.ts(1564,13): error TS1005: ',' expected.
src/controllers/auth.controller.ts(1565,9): error TS1005: ',' expected.
src/controllers/auth.controller.ts(1566,5): error TS1005: ';' expected.
src/controllers/auth.controller.ts(1595,3): error TS1434: Unexpected keyword or identifier.
src/controllers/auth.controller.ts(1595,23): error TS1005: ',' expected.
src/controllers/auth.controller.ts(1595,42): error TS1005: ',' expected.
src/controllers/auth.controller.ts(1595,58): error TS1005: ',' expected.
src/controllers/auth.controller.ts(1595,74): error TS1005: ';' expected.
src/controllers/auth.controller.ts(1624,3): error TS1434: Unexpected keyword or identifier.
src/controllers/auth.controller.ts(1625,12): error TS1005: ',' expected.
src/controllers/auth.controller.ts(1626,13): error TS1005: ',' expected.
src/controllers/auth.controller.ts(1627,9): error TS1005: ',' expected.
src/controllers/auth.controller.ts(1628,5): error TS1005: ';' expected.
src/controllers/auth.controller.ts(1713,3): error TS1434: Unexpected keyword or identifier.
src/controllers/auth.controller.ts(1713,29): error TS1005: ',' expected.
src/controllers/auth.controller.ts(1713,48): error TS1005: ',' expected.
src/controllers/auth.controller.ts(1713,64): error TS1005: ',' expected.
src/controllers/auth.controller.ts(1713,80): error TS1005: ';' expected.
src/controllers/auth.controller.ts(1754,3): error TS1434: Unexpected keyword or identifier.
src/controllers/auth.controller.ts(1755,12): error TS1005: ',' expected.
src/controllers/auth.controller.ts(1756,13): error TS1005: ',' expected.
src/controllers/auth.controller.ts(1757,9): error TS1005: ',' expected.
src/controllers/auth.controller.ts(1758,5): error TS1005: ';' expected.
src/controllers/auth.controller.ts(1806,3): error TS1434: Unexpected keyword or identifier.
src/controllers/auth.controller.ts(1807,12): error TS1005: ',' expected.
src/controllers/auth.controller.ts(1808,13): error TS1005: ',' expected.
src/controllers/auth.controller.ts(1809,9): error TS1005: ',' expected.
src/controllers/auth.controller.ts(1810,5): error TS1005: ';' expected.
src/controllers/auth.controller.ts(1837,3): error TS1434: Unexpected keyword or identifier.
src/controllers/auth.controller.ts(1838,12): error TS1005: ',' expected.
src/controllers/auth.controller.ts(1839,13): error TS1005: ',' expected.
src/controllers/auth.controller.ts(1840,9): error TS1005: ',' expected.
src/controllers/auth.controller.ts(1841,5): error TS1005: ';' expected.
src/controllers/auth.controller.ts(1867,1): error TS1128: Declaration or statement expected.

    at Object.<anonymous> (/Users/user/Desktop/jevah-app_backend/src/controllers/auth.controller.ts:1:7)
    at Module._compile (node:internal/modules/cjs/loader:1469:14)
    at Module._compile (/Users/user/Desktop/jevah-app_backend/node_modules/source-map-support/source-map-support.js:568:25)
    at Module.m._compile (/private/var/folders/l9/1wp23qsj3616_b0__4ljrx6m0000gn/T/ts-node-dev-hook-5766972044571474.js:69:33)
    at Module._extensions..js (node:internal/modules/cjs/loader:1548:10)
    at require.extensions..jsx.require.extensions..js (/private/var/folders/l9/1wp23qsj3616_b0__4ljrx6m0000gn/T/ts-node-dev-hook-5766972044571474.js:114:20)
    at require.extensions.<computed> (/private/var/folders/l9/1wp23qsj3616_b0__4ljrx6m0000gn/T/ts-node-dev-hook-5766972044571474.js:71:20)
    at Object.nodeDevHook [as .ts] (/Users/user/Desktop/jevah-app_backend/node_modules/ts-node-dev/lib/hook.js:63:13)
    at Module.load (node:internal/modules/cjs/loader:1288:32)
    at Function.Module._load (node:internal/modules/cjs/loader:1104:12) {"error":{},"exception":true,"date":"Mon Aug 25 2025 16:15:18 GMT+0100 (West Africa Standard Time)","process":{"pid":59866,"uid":501,"gid":20,"cwd":"/Users/user/Desktop/jevah-app_backend","execPath":"/Users/user/.nvm/versions/node/v20.18.1/bin/node","version":"v20.18.1","argv":["/Users/user/.nvm/versions/node/v20.18.1/bin/node","src/index.ts"],"memoryUsage":{"rss":75530240,"heapTotal":56971264,"heapUsed":26414328,"external":20595384,"arrayBuffers":18281057}},"os":{"loadavg":[46.11474609375,49.177734375,137.00732421875],"uptime":109686},"trace":[{"column":7,"file":"/Users/user/Desktop/jevah-app_backend/src/controllers/auth.controller.ts","function":null,"line":1,"method":null,"native":false},{"column":14,"file":"node:internal/modules/cjs/loader","function":"Module._compile","line":1469,"method":"_compile","native":false},{"column":25,"file":"/Users/user/Desktop/jevah-app_backend/node_modules/source-map-support/source-map-support.js","function":"Module._compile","line":568,"method":"_compile","native":false},{"column":33,"file":"/private/var/folders/l9/1wp23qsj3616_b0__4ljrx6m0000gn/T/ts-node-dev-hook-5766972044571474.js","function":"Module.m._compile","line":69,"method":"_compile","native":false},{"column":10,"file":"node:internal/modules/cjs/loader","function":"Module._extensions..js","line":1548,"method":".js","native":false},{"column":20,"file":"/private/var/folders/l9/1wp23qsj3616_b0__4ljrx6m0000gn/T/ts-node-dev-hook-5766972044571474.js","function":"require.extensions..jsx.require.extensions..js","line":114,"method":".js","native":false},{"column":20,"file":"/private/var/folders/l9/1wp23qsj3616_b0__4ljrx6m0000gn/T/ts-node-dev-hook-5766972044571474.js","function":"require.extensions.<computed>","line":71,"method":"<computed>","native":false},{"column":13,"file":"/Users/user/Desktop/jevah-app_backend/node_modules/ts-node-dev/lib/hook.js","function":"Object.nodeDevHook [as .ts]","line":63,"method":"ts]","native":false},{"column":32,"file":"node:internal/modules/cjs/loader","function":"Module.load","line":1288,"method":"load","native":false},{"column":12,"file":"node:internal/modules/cjs/loader","function":"Module._load","line":1104,"method":"_load","native":false}]}
Error: ⨯ Unable to compile TypeScript:
src/controllers/auth.controller.ts(1028,3): error TS1128: Declaration or statement expected.
src/controllers/auth.controller.ts(1030,3): error TS1434: Unexpected keyword or identifier.
src/controllers/auth.controller.ts(1030,27): error TS1005: ',' expected.
src/controllers/auth.controller.ts(1030,46): error TS1005: ',' expected.
src/controllers/auth.controller.ts(1030,62): error TS1005: ',' expected.
src/controllers/auth.controller.ts(1030,78): error TS1005: ';' expected.
src/controllers/auth.controller.ts(1097,3): error TS1434: Unexpected keyword or identifier.
src/controllers/auth.controller.ts(1097,29): error TS1005: ',' expected.
src/controllers/auth.controller.ts(1097,48): error TS1005: ',' expected.
src/controllers/auth.controller.ts(1097,64): error TS1005: ',' expected.
src/controllers/auth.controller.ts(1097,80): error TS1005: ';' expected.
src/controllers/auth.controller.ts(1165,3): error TS1434: Unexpected keyword or identifier.
src/controllers/auth.controller.ts(1165,26): error TS1005: ',' expected.
src/controllers/auth.controller.ts(1165,45): error TS1005: ',' expected.
src/controllers/auth.controller.ts(1165,61): error TS1005: ',' expected.
src/controllers/auth.controller.ts(1165,77): error TS1005: ';' expected.
src/controllers/auth.controller.ts(1207,3): error TS1434: Unexpected keyword or identifier.
src/controllers/auth.controller.ts(1207,28): error TS1005: ',' expected.
src/controllers/auth.controller.ts(1207,47): error TS1005: ',' expected.
src/controllers/auth.controller.ts(1207,63): error TS1005: ',' expected.
src/controllers/auth.controller.ts(1207,79): error TS1005: ';' expected.
src/controllers/auth.controller.ts(1251,3): error TS1434: Unexpected keyword or identifier.
src/controllers/auth.controller.ts(1252,12): error TS1005: ',' expected.
src/controllers/auth.controller.ts(1253,13): error TS1005: ',' expected.
src/controllers/auth.controller.ts(1254,9): error TS1005: ',' expected.
src/controllers/auth.controller.ts(1255,5): error TS1005: ';' expected.
src/controllers/auth.controller.ts(1286,3): error TS1434: Unexpected keyword or identifier.
src/controllers/auth.controller.ts(1287,12): error TS1005: ',' expected.
src/controllers/auth.controller.ts(1288,13): error TS1005: ',' expected.
src/controllers/auth.controller.ts(1289,9): error TS1005: ',' expected.
src/controllers/auth.controller.ts(1290,5): error TS1005: ';' expected.
src/controllers/auth.controller.ts(1326,3): error TS1434: Unexpected keyword or identifier.
src/controllers/auth.controller.ts(1327,12): error TS1005: ',' expected.
src/controllers/auth.controller.ts(1328,13): error TS1005: ',' expected.
src/controllers/auth.controller.ts(1329,9): error TS1005: ',' expected.
src/controllers/auth.controller.ts(1330,5): error TS1005: ';' expected.
src/controllers/auth.controller.ts(1420,3): error TS1434: Unexpected keyword or identifier.
src/controllers/auth.controller.ts(1421,12): error TS1005: ',' expected.
src/controllers/auth.controller.ts(1422,13): error TS1005: ',' expected.
src/controllers/auth.controller.ts(1423,9): error TS1005: ',' expected.
src/controllers/auth.controller.ts(1424,5): error TS1005: ';' expected.
src/controllers/auth.controller.ts(1451,3): error TS1434: Unexpected keyword or identifier.
src/controllers/auth.controller.ts(1452,12): error TS1005: ',' expected.
src/controllers/auth.controller.ts(1453,13): error TS1005: ',' expected.
src/controllers/auth.controller.ts(1454,9): error TS1005: ',' expected.
src/controllers/auth.controller.ts(1455,5): error TS1005: ';' expected.
src/controllers/auth.controller.ts(1482,3): error TS1434: Unexpected keyword or identifier.
src/controllers/auth.controller.ts(1483,12): error TS1005: ',' expected.
src/controllers/auth.controller.ts(1484,13): error TS1005: ',' expected.
src/controllers/auth.controller.ts(1485,9): error TS1005: ',' expected.
src/controllers/auth.controller.ts(1486,5): error TS1005: ';' expected.
src/controllers/auth.controller.ts(1562,3): error TS1434: Unexpected keyword or identifier.
src/controllers/auth.controller.ts(1563,12): error TS1005: ',' expected.
src/controllers/auth.controller.ts(1564,13): error TS1005: ',' expected.
src/controllers/auth.controller.ts(1565,9): error TS1005: ',' expected.
src/controllers/auth.controller.ts(1566,5): error TS1005: ';' expected.
src/controllers/auth.controller.ts(1595,3): error TS1434: Unexpected keyword or identifier.
src/controllers/auth.controller.ts(1595,23): error TS1005: ',' expected.
src/controllers/auth.controller.ts(1595,42): error TS1005: ',' expected.
src/controllers/auth.controller.ts(1595,58): error TS1005: ',' expected.
src/controllers/auth.controller.ts(1595,74): error TS1005: ';' expected.
src/controllers/auth.controller.ts(1624,3): error TS1434: Unexpected keyword or identifier.
src/controllers/auth.controller.ts(1625,12): error TS1005: ',' expected.
src/controllers/auth.controller.ts(1626,13): error TS1005: ',' expected.
src/controllers/auth.controller.ts(1627,9): error TS1005: ',' expected.
src/controllers/auth.controller.ts(1628,5): error TS1005: ';' expected.
src/controllers/auth.controller.ts(1713,3): error TS1434: Unexpected keyword or identifier.
src/controllers/auth.controller.ts(1713,29): error TS1005: ',' expected.
src/controllers/auth.controller.ts(1713,48): error TS1005: ',' expected.
src/controllers/auth.controller.ts(1713,64): error TS1005: ',' expected.
src/controllers/auth.controller.ts(1713,80): error TS1005: ';' expected.
src/controllers/auth.controller.ts(1754,3): error TS1434: Unexpected keyword or identifier.
src/controllers/auth.controller.ts(1755,12): error TS1005: ',' expected.
src/controllers/auth.controller.ts(1756,13): error TS1005: ',' expected.
src/controllers/auth.controller.ts(1757,9): error TS1005: ',' expected.
src/controllers/auth.controller.ts(1758,5): error TS1005: ';' expected.
src/controllers/auth.controller.ts(1806,3): error TS1434: Unexpected keyword or identifier.
src/controllers/auth.controller.ts(1807,12): error TS1005: ',' expected.
src/controllers/auth.controller.ts(1808,13): error TS1005: ',' expected.
src/controllers/auth.controller.ts(1809,9): error TS1005: ',' expected.
src/controllers/auth.controller.ts(1810,5): error TS1005: ';' expected.
src/controllers/auth.controller.ts(1837,3): error TS1434: Unexpected keyword or identifier.
src/controllers/auth.controller.ts(1838,12): error TS1005: ',' expected.
src/controllers/auth.controller.ts(1839,13): error TS1005: ',' expected.
src/controllers/auth.controller.ts(1840,9): error TS1005: ',' expected.
src/controllers/auth.controller.ts(1841,5): error TS1005: ';' expected.
src/controllers/auth.controller.ts(1867,1): error TS1128: Declaration or statement expected.

    at Object.<anonymous> (/Users/user/Desktop/jevah-app_backend/src/controllers/auth.controller.ts:1:7)
    at Module._compile (node:internal/modules/cjs/loader:1469:14)
    at Module._compile (/Users/user/Desktop/jevah-app_backend/node_modules/source-map-support/source-map-support.js:568:25)
    at Module.m._compile (/private/var/folders/l9/1wp23qsj3616_b0__4ljrx6m0000gn/T/ts-node-dev-hook-5766972044571474.js:69:33)
    at Module._extensions..js (node:internal/modules/cjs/loader:1548:10)
    at require.extensions..jsx.require.extensions..js (/private/var/folders/l9/1wp23qsj3616_b0__4ljrx6m0000gn/T/ts-node-dev-hook-5766972044571474.js:114:20)
    at require.extensions.<computed> (/private/var/folders/l9/1wp23qsj3616_b0__4ljrx6m0000gn/T/ts-node-dev-hook-5766972044571474.js:71:20)
    at Object.nodeDevHook [as .ts] (/Users/user/Desktop/jevah-app_backend/node_modules/ts-node-dev/lib/hook.js:63:13)
    at Module.load (node:internal/modules/cjs/loader:1288:32)
    at Function.Module._load (node:internal/modules/cjs/loader:1104:12)
2025-08-25 16:31:47 [ERROR]: uncaughtException: ⨯ Unable to compile TypeScript:
src/controllers/auth.controller.ts(1028,3): error TS1128: Declaration or statement expected.
src/controllers/auth.controller.ts(1030,3): error TS1434: Unexpected keyword or identifier.
src/controllers/auth.controller.ts(1030,27): error TS1005: ',' expected.
src/controllers/auth.controller.ts(1030,46): error TS1005: ',' expected.
src/controllers/auth.controller.ts(1030,62): error TS1005: ',' expected.
src/controllers/auth.controller.ts(1030,78): error TS1005: ';' expected.
src/controllers/auth.controller.ts(1097,3): error TS1434: Unexpected keyword or identifier.
src/controllers/auth.controller.ts(1097,29): error TS1005: ',' expected.
src/controllers/auth.controller.ts(1097,48): error TS1005: ',' expected.
src/controllers/auth.controller.ts(1097,64): error TS1005: ',' expected.
src/controllers/auth.controller.ts(1097,80): error TS1005: ';' expected.
src/controllers/auth.controller.ts(1165,3): error TS1434: Unexpected keyword or identifier.
src/controllers/auth.controller.ts(1165,26): error TS1005: ',' expected.
src/controllers/auth.controller.ts(1165,45): error TS1005: ',' expected.
src/controllers/auth.controller.ts(1165,61): error TS1005: ',' expected.
src/controllers/auth.controller.ts(1165,77): error TS1005: ';' expected.
src/controllers/auth.controller.ts(1207,3): error TS1434: Unexpected keyword or identifier.
src/controllers/auth.controller.ts(1207,28): error TS1005: ',' expected.
src/controllers/auth.controller.ts(1207,47): error TS1005: ',' expected.
src/controllers/auth.controller.ts(1207,63): error TS1005: ',' expected.
src/controllers/auth.controller.ts(1207,79): error TS1005: ';' expected.
src/controllers/auth.controller.ts(1251,3): error TS1434: Unexpected keyword or identifier.
src/controllers/auth.controller.ts(1252,12): error TS1005: ',' expected.
src/controllers/auth.controller.ts(1253,13): error TS1005: ',' expected.
src/controllers/auth.controller.ts(1254,9): error TS1005: ',' expected.
src/controllers/auth.controller.ts(1255,5): error TS1005: ';' expected.
src/controllers/auth.controller.ts(1286,3): error TS1434: Unexpected keyword or identifier.
src/controllers/auth.controller.ts(1287,12): error TS1005: ',' expected.
src/controllers/auth.controller.ts(1288,13): error TS1005: ',' expected.
src/controllers/auth.controller.ts(1289,9): error TS1005: ',' expected.
src/controllers/auth.controller.ts(1290,5): error TS1005: ';' expected.
src/controllers/auth.controller.ts(1326,3): error TS1434: Unexpected keyword or identifier.
src/controllers/auth.controller.ts(1327,12): error TS1005: ',' expected.
src/controllers/auth.controller.ts(1328,13): error TS1005: ',' expected.
src/controllers/auth.controller.ts(1329,9): error TS1005: ',' expected.
src/controllers/auth.controller.ts(1330,5): error TS1005: ';' expected.
src/controllers/auth.controller.ts(1420,3): error TS1434: Unexpected keyword or identifier.
src/controllers/auth.controller.ts(1421,12): error TS1005: ',' expected.
src/controllers/auth.controller.ts(1422,13): error TS1005: ',' expected.
src/controllers/auth.controller.ts(1423,9): error TS1005: ',' expected.
src/controllers/auth.controller.ts(1424,5): error TS1005: ';' expected.
src/controllers/auth.controller.ts(1451,3): error TS1434: Unexpected keyword or identifier.
src/controllers/auth.controller.ts(1452,12): error TS1005: ',' expected.
src/controllers/auth.controller.ts(1453,13): error TS1005: ',' expected.
src/controllers/auth.controller.ts(1454,9): error TS1005: ',' expected.
src/controllers/auth.controller.ts(1455,5): error TS1005: ';' expected.
src/controllers/auth.controller.ts(1482,3): error TS1434: Unexpected keyword or identifier.
src/controllers/auth.controller.ts(1483,12): error TS1005: ',' expected.
src/controllers/auth.controller.ts(1484,13): error TS1005: ',' expected.
src/controllers/auth.controller.ts(1485,9): error TS1005: ',' expected.
src/controllers/auth.controller.ts(1486,5): error TS1005: ';' expected.
src/controllers/auth.controller.ts(1562,3): error TS1434: Unexpected keyword or identifier.
src/controllers/auth.controller.ts(1563,12): error TS1005: ',' expected.
src/controllers/auth.controller.ts(1564,13): error TS1005: ',' expected.
src/controllers/auth.controller.ts(1565,9): error TS1005: ',' expected.
src/controllers/auth.controller.ts(1566,5): error TS1005: ';' expected.
src/controllers/auth.controller.ts(1595,3): error TS1434: Unexpected keyword or identifier.
src/controllers/auth.controller.ts(1595,23): error TS1005: ',' expected.
src/controllers/auth.controller.ts(1595,42): error TS1005: ',' expected.
src/controllers/auth.controller.ts(1595,58): error TS1005: ',' expected.
src/controllers/auth.controller.ts(1595,74): error TS1005: ';' expected.
src/controllers/auth.controller.ts(1624,3): error TS1434: Unexpected keyword or identifier.
src/controllers/auth.controller.ts(1625,12): error TS1005: ',' expected.
src/controllers/auth.controller.ts(1626,13): error TS1005: ',' expected.
src/controllers/auth.controller.ts(1627,9): error TS1005: ',' expected.
src/controllers/auth.controller.ts(1628,5): error TS1005: ';' expected.
src/controllers/auth.controller.ts(1713,3): error TS1434: Unexpected keyword or identifier.
src/controllers/auth.controller.ts(1713,29): error TS1005: ',' expected.
src/controllers/auth.controller.ts(1713,48): error TS1005: ',' expected.
src/controllers/auth.controller.ts(1713,64): error TS1005: ',' expected.
src/controllers/auth.controller.ts(1713,80): error TS1005: ';' expected.
src/controllers/auth.controller.ts(1754,3): error TS1434: Unexpected keyword or identifier.
src/controllers/auth.controller.ts(1755,12): error TS1005: ',' expected.
src/controllers/auth.controller.ts(1756,13): error TS1005: ',' expected.
src/controllers/auth.controller.ts(1757,9): error TS1005: ',' expected.
src/controllers/auth.controller.ts(1758,5): error TS1005: ';' expected.
src/controllers/auth.controller.ts(1806,3): error TS1434: Unexpected keyword or identifier.
src/controllers/auth.controller.ts(1807,12): error TS1005: ',' expected.
src/controllers/auth.controller.ts(1808,13): error TS1005: ',' expected.
src/controllers/auth.controller.ts(1809,9): error TS1005: ',' expected.
src/controllers/auth.controller.ts(1810,5): error TS1005: ';' expected.
src/controllers/auth.controller.ts(1837,3): error TS1434: Unexpected keyword or identifier.
src/controllers/auth.controller.ts(1838,12): error TS1005: ',' expected.
src/controllers/auth.controller.ts(1839,13): error TS1005: ',' expected.
src/controllers/auth.controller.ts(1840,9): error TS1005: ',' expected.
src/controllers/auth.controller.ts(1841,5): error TS1005: ';' expected.
src/controllers/auth.controller.ts(1867,1): error TS1128: Declaration or statement expected.

Error: ⨯ Unable to compile TypeScript:
src/controllers/auth.controller.ts(1028,3): error TS1128: Declaration or statement expected.
src/controllers/auth.controller.ts(1030,3): error TS1434: Unexpected keyword or identifier.
src/controllers/auth.controller.ts(1030,27): error TS1005: ',' expected.
src/controllers/auth.controller.ts(1030,46): error TS1005: ',' expected.
src/controllers/auth.controller.ts(1030,62): error TS1005: ',' expected.
src/controllers/auth.controller.ts(1030,78): error TS1005: ';' expected.
src/controllers/auth.controller.ts(1097,3): error TS1434: Unexpected keyword or identifier.
src/controllers/auth.controller.ts(1097,29): error TS1005: ',' expected.
src/controllers/auth.controller.ts(1097,48): error TS1005: ',' expected.
src/controllers/auth.controller.ts(1097,64): error TS1005: ',' expected.
src/controllers/auth.controller.ts(1097,80): error TS1005: ';' expected.
src/controllers/auth.controller.ts(1165,3): error TS1434: Unexpected keyword or identifier.
src/controllers/auth.controller.ts(1165,26): error TS1005: ',' expected.
src/controllers/auth.controller.ts(1165,45): error TS1005: ',' expected.
src/controllers/auth.controller.ts(1165,61): error TS1005: ',' expected.
src/controllers/auth.controller.ts(1165,77): error TS1005: ';' expected.
src/controllers/auth.controller.ts(1207,3): error TS1434: Unexpected keyword or identifier.
src/controllers/auth.controller.ts(1207,28): error TS1005: ',' expected.
src/controllers/auth.controller.ts(1207,47): error TS1005: ',' expected.
src/controllers/auth.controller.ts(1207,63): error TS1005: ',' expected.
src/controllers/auth.controller.ts(1207,79): error TS1005: ';' expected.
src/controllers/auth.controller.ts(1251,3): error TS1434: Unexpected keyword or identifier.
src/controllers/auth.controller.ts(1252,12): error TS1005: ',' expected.
src/controllers/auth.controller.ts(1253,13): error TS1005: ',' expected.
src/controllers/auth.controller.ts(1254,9): error TS1005: ',' expected.
src/controllers/auth.controller.ts(1255,5): error TS1005: ';' expected.
src/controllers/auth.controller.ts(1286,3): error TS1434: Unexpected keyword or identifier.
src/controllers/auth.controller.ts(1287,12): error TS1005: ',' expected.
src/controllers/auth.controller.ts(1288,13): error TS1005: ',' expected.
src/controllers/auth.controller.ts(1289,9): error TS1005: ',' expected.
src/controllers/auth.controller.ts(1290,5): error TS1005: ';' expected.
src/controllers/auth.controller.ts(1326,3): error TS1434: Unexpected keyword or identifier.
src/controllers/auth.controller.ts(1327,12): error TS1005: ',' expected.
src/controllers/auth.controller.ts(1328,13): error TS1005: ',' expected.
src/controllers/auth.controller.ts(1329,9): error TS1005: ',' expected.
src/controllers/auth.controller.ts(1330,5): error TS1005: ';' expected.
src/controllers/auth.controller.ts(1420,3): error TS1434: Unexpected keyword or identifier.
src/controllers/auth.controller.ts(1421,12): error TS1005: ',' expected.
src/controllers/auth.controller.ts(1422,13): error TS1005: ',' expected.
src/controllers/auth.controller.ts(1423,9): error TS1005: ',' expected.
src/controllers/auth.controller.ts(1424,5): error TS1005: ';' expected.
src/controllers/auth.controller.ts(1451,3): error TS1434: Unexpected keyword or identifier.
src/controllers/auth.controller.ts(1452,12): error TS1005: ',' expected.
src/controllers/auth.controller.ts(1453,13): error TS1005: ',' expected.
src/controllers/auth.controller.ts(1454,9): error TS1005: ',' expected.
src/controllers/auth.controller.ts(1455,5): error TS1005: ';' expected.
src/controllers/auth.controller.ts(1482,3): error TS1434: Unexpected keyword or identifier.
src/controllers/auth.controller.ts(1483,12): error TS1005: ',' expected.
src/controllers/auth.controller.ts(1484,13): error TS1005: ',' expected.
src/controllers/auth.controller.ts(1485,9): error TS1005: ',' expected.
src/controllers/auth.controller.ts(1486,5): error TS1005: ';' expected.
src/controllers/auth.controller.ts(1562,3): error TS1434: Unexpected keyword or identifier.
src/controllers/auth.controller.ts(1563,12): error TS1005: ',' expected.
src/controllers/auth.controller.ts(1564,13): error TS1005: ',' expected.
src/controllers/auth.controller.ts(1565,9): error TS1005: ',' expected.
src/controllers/auth.controller.ts(1566,5): error TS1005: ';' expected.
src/controllers/auth.controller.ts(1595,3): error TS1434: Unexpected keyword or identifier.
src/controllers/auth.controller.ts(1595,23): error TS1005: ',' expected.
src/controllers/auth.controller.ts(1595,42): error TS1005: ',' expected.
src/controllers/auth.controller.ts(1595,58): error TS1005: ',' expected.
src/controllers/auth.controller.ts(1595,74): error TS1005: ';' expected.
src/controllers/auth.controller.ts(1624,3): error TS1434: Unexpected keyword or identifier.
src/controllers/auth.controller.ts(1625,12): error TS1005: ',' expected.
src/controllers/auth.controller.ts(1626,13): error TS1005: ',' expected.
src/controllers/auth.controller.ts(1627,9): error TS1005: ',' expected.
src/controllers/auth.controller.ts(1628,5): error TS1005: ';' expected.
src/controllers/auth.controller.ts(1713,3): error TS1434: Unexpected keyword or identifier.
src/controllers/auth.controller.ts(1713,29): error TS1005: ',' expected.
src/controllers/auth.controller.ts(1713,48): error TS1005: ',' expected.
src/controllers/auth.controller.ts(1713,64): error TS1005: ',' expected.
src/controllers/auth.controller.ts(1713,80): error TS1005: ';' expected.
src/controllers/auth.controller.ts(1754,3): error TS1434: Unexpected keyword or identifier.
src/controllers/auth.controller.ts(1755,12): error TS1005: ',' expected.
src/controllers/auth.controller.ts(1756,13): error TS1005: ',' expected.
src/controllers/auth.controller.ts(1757,9): error TS1005: ',' expected.
src/controllers/auth.controller.ts(1758,5): error TS1005: ';' expected.
src/controllers/auth.controller.ts(1806,3): error TS1434: Unexpected keyword or identifier.
src/controllers/auth.controller.ts(1807,12): error TS1005: ',' expected.
src/controllers/auth.controller.ts(1808,13): error TS1005: ',' expected.
src/controllers/auth.controller.ts(1809,9): error TS1005: ',' expected.
src/controllers/auth.controller.ts(1810,5): error TS1005: ';' expected.
src/controllers/auth.controller.ts(1837,3): error TS1434: Unexpected keyword or identifier.
src/controllers/auth.controller.ts(1838,12): error TS1005: ',' expected.
src/controllers/auth.controller.ts(1839,13): error TS1005: ',' expected.
src/controllers/auth.controller.ts(1840,9): error TS1005: ',' expected.
src/controllers/auth.controller.ts(1841,5): error TS1005: ';' expected.
src/controllers/auth.controller.ts(1867,1): error TS1128: Declaration or statement expected.

    at Object.<anonymous> (/Users/user/Desktop/jevah-app_backend/src/controllers/auth.controller.ts:1:7)
    at Module._compile (node:internal/modules/cjs/loader:1358:14)
    at Module._compile (/Users/user/Desktop/jevah-app_backend/node_modules/source-map-support/source-map-support.js:568:25)
    at Module.m._compile (/private/var/folders/l9/1wp23qsj3616_b0__4ljrx6m0000gn/T/ts-node-dev-hook-0001372518537643419.js:69:33)
    at Module._extensions..js (node:internal/modules/cjs/loader:1416:10)
    at require.extensions..jsx.require.extensions..js (/private/var/folders/l9/1wp23qsj3616_b0__4ljrx6m0000gn/T/ts-node-dev-hook-0001372518537643419.js:114:20)
    at require.extensions.<computed> (/private/var/folders/l9/1wp23qsj3616_b0__4ljrx6m0000gn/T/ts-node-dev-hook-0001372518537643419.js:71:20)
    at Object.nodeDevHook [as .ts] (/Users/user/Desktop/jevah-app_backend/node_modules/ts-node-dev/lib/hook.js:63:13)
    at Module.load (node:internal/modules/cjs/loader:1208:32)
    at Function.Module._load (node:internal/modules/cjs/loader:1024:12) {"error":{},"exception":true,"date":"Mon Aug 25 2025 16:31:47 GMT+0100 (West Africa Standard Time)","process":{"pid":67519,"uid":501,"gid":20,"cwd":"/Users/user/Desktop/jevah-app_backend","execPath":"/usr/local/bin/node","version":"v20.13.1","argv":["/usr/local/bin/node","src/index.ts"],"memoryUsage":{"rss":69554176,"heapTotal":40173568,"heapUsed":24439152,"external":20562719,"arrayBuffers":18270659}},"os":{"loadavg":[246.5693359375,229.05810546875,200.73974609375],"uptime":110675},"trace":[{"column":7,"file":"/Users/user/Desktop/jevah-app_backend/src/controllers/auth.controller.ts","function":null,"line":1,"method":null,"native":false},{"column":14,"file":"node:internal/modules/cjs/loader","function":"Module._compile","line":1358,"method":"_compile","native":false},{"column":25,"file":"/Users/user/Desktop/jevah-app_backend/node_modules/source-map-support/source-map-support.js","function":"Module._compile","line":568,"method":"_compile","native":false},{"column":33,"file":"/private/var/folders/l9/1wp23qsj3616_b0__4ljrx6m0000gn/T/ts-node-dev-hook-0001372518537643419.js","function":"Module.m._compile","line":69,"method":"_compile","native":false},{"column":10,"file":"node:internal/modules/cjs/loader","function":"Module._extensions..js","line":1416,"method":".js","native":false},{"column":20,"file":"/private/var/folders/l9/1wp23qsj3616_b0__4ljrx6m0000gn/T/ts-node-dev-hook-0001372518537643419.js","function":"require.extensions..jsx.require.extensions..js","line":114,"method":".js","native":false},{"column":20,"file":"/private/var/folders/l9/1wp23qsj3616_b0__4ljrx6m0000gn/T/ts-node-dev-hook-0001372518537643419.js","function":"require.extensions.<computed>","line":71,"method":"<computed>","native":false},{"column":13,"file":"/Users/user/Desktop/jevah-app_backend/node_modules/ts-node-dev/lib/hook.js","function":"Object.nodeDevHook [as .ts]","line":63,"method":"ts]","native":false},{"column":32,"file":"node:internal/modules/cjs/loader","function":"Module.load","line":1208,"method":"load","native":false},{"column":12,"file":"node:internal/modules/cjs/loader","function":"Module._load","line":1024,"method":"_load","native":false}]}
Error: ⨯ Unable to compile TypeScript:
src/controllers/auth.controller.ts(1028,3): error TS1128: Declaration or statement expected.
src/controllers/auth.controller.ts(1030,3): error TS1434: Unexpected keyword or identifier.
src/controllers/auth.controller.ts(1030,27): error TS1005: ',' expected.
src/controllers/auth.controller.ts(1030,46): error TS1005: ',' expected.
src/controllers/auth.controller.ts(1030,62): error TS1005: ',' expected.
src/controllers/auth.controller.ts(1030,78): error TS1005: ';' expected.
src/controllers/auth.controller.ts(1097,3): error TS1434: Unexpected keyword or identifier.
src/controllers/auth.controller.ts(1097,29): error TS1005: ',' expected.
src/controllers/auth.controller.ts(1097,48): error TS1005: ',' expected.
src/controllers/auth.controller.ts(1097,64): error TS1005: ',' expected.
src/controllers/auth.controller.ts(1097,80): error TS1005: ';' expected.
src/controllers/auth.controller.ts(1165,3): error TS1434: Unexpected keyword or identifier.
src/controllers/auth.controller.ts(1165,26): error TS1005: ',' expected.
src/controllers/auth.controller.ts(1165,45): error TS1005: ',' expected.
src/controllers/auth.controller.ts(1165,61): error TS1005: ',' expected.
src/controllers/auth.controller.ts(1165,77): error TS1005: ';' expected.
src/controllers/auth.controller.ts(1207,3): error TS1434: Unexpected keyword or identifier.
src/controllers/auth.controller.ts(1207,28): error TS1005: ',' expected.
src/controllers/auth.controller.ts(1207,47): error TS1005: ',' expected.
src/controllers/auth.controller.ts(1207,63): error TS1005: ',' expected.
src/controllers/auth.controller.ts(1207,79): error TS1005: ';' expected.
src/controllers/auth.controller.ts(1251,3): error TS1434: Unexpected keyword or identifier.
src/controllers/auth.controller.ts(1252,12): error TS1005: ',' expected.
src/controllers/auth.controller.ts(1253,13): error TS1005: ',' expected.
src/controllers/auth.controller.ts(1254,9): error TS1005: ',' expected.
src/controllers/auth.controller.ts(1255,5): error TS1005: ';' expected.
src/controllers/auth.controller.ts(1286,3): error TS1434: Unexpected keyword or identifier.
src/controllers/auth.controller.ts(1287,12): error TS1005: ',' expected.
src/controllers/auth.controller.ts(1288,13): error TS1005: ',' expected.
src/controllers/auth.controller.ts(1289,9): error TS1005: ',' expected.
src/controllers/auth.controller.ts(1290,5): error TS1005: ';' expected.
src/controllers/auth.controller.ts(1326,3): error TS1434: Unexpected keyword or identifier.
src/controllers/auth.controller.ts(1327,12): error TS1005: ',' expected.
src/controllers/auth.controller.ts(1328,13): error TS1005: ',' expected.
src/controllers/auth.controller.ts(1329,9): error TS1005: ',' expected.
src/controllers/auth.controller.ts(1330,5): error TS1005: ';' expected.
src/controllers/auth.controller.ts(1420,3): error TS1434: Unexpected keyword or identifier.
src/controllers/auth.controller.ts(1421,12): error TS1005: ',' expected.
src/controllers/auth.controller.ts(1422,13): error TS1005: ',' expected.
src/controllers/auth.controller.ts(1423,9): error TS1005: ',' expected.
src/controllers/auth.controller.ts(1424,5): error TS1005: ';' expected.
src/controllers/auth.controller.ts(1451,3): error TS1434: Unexpected keyword or identifier.
src/controllers/auth.controller.ts(1452,12): error TS1005: ',' expected.
src/controllers/auth.controller.ts(1453,13): error TS1005: ',' expected.
src/controllers/auth.controller.ts(1454,9): error TS1005: ',' expected.
src/controllers/auth.controller.ts(1455,5): error TS1005: ';' expected.
src/controllers/auth.controller.ts(1482,3): error TS1434: Unexpected keyword or identifier.
src/controllers/auth.controller.ts(1483,12): error TS1005: ',' expected.
src/controllers/auth.controller.ts(1484,13): error TS1005: ',' expected.
src/controllers/auth.controller.ts(1485,9): error TS1005: ',' expected.
src/controllers/auth.controller.ts(1486,5): error TS1005: ';' expected.
src/controllers/auth.controller.ts(1562,3): error TS1434: Unexpected keyword or identifier.
src/controllers/auth.controller.ts(1563,12): error TS1005: ',' expected.
src/controllers/auth.controller.ts(1564,13): error TS1005: ',' expected.
src/controllers/auth.controller.ts(1565,9): error TS1005: ',' expected.
src/controllers/auth.controller.ts(1566,5): error TS1005: ';' expected.
src/controllers/auth.controller.ts(1595,3): error TS1434: Unexpected keyword or identifier.
src/controllers/auth.controller.ts(1595,23): error TS1005: ',' expected.
src/controllers/auth.controller.ts(1595,42): error TS1005: ',' expected.
src/controllers/auth.controller.ts(1595,58): error TS1005: ',' expected.
src/controllers/auth.controller.ts(1595,74): error TS1005: ';' expected.
src/controllers/auth.controller.ts(1624,3): error TS1434: Unexpected keyword or identifier.
src/controllers/auth.controller.ts(1625,12): error TS1005: ',' expected.
src/controllers/auth.controller.ts(1626,13): error TS1005: ',' expected.
src/controllers/auth.controller.ts(1627,9): error TS1005: ',' expected.
src/controllers/auth.controller.ts(1628,5): error TS1005: ';' expected.
src/controllers/auth.controller.ts(1713,3): error TS1434: Unexpected keyword or identifier.
src/controllers/auth.controller.ts(1713,29): error TS1005: ',' expected.
src/controllers/auth.controller.ts(1713,48): error TS1005: ',' expected.
src/controllers/auth.controller.ts(1713,64): error TS1005: ',' expected.
src/controllers/auth.controller.ts(1713,80): error TS1005: ';' expected.
src/controllers/auth.controller.ts(1754,3): error TS1434: Unexpected keyword or identifier.
src/controllers/auth.controller.ts(1755,12): error TS1005: ',' expected.
src/controllers/auth.controller.ts(1756,13): error TS1005: ',' expected.
src/controllers/auth.controller.ts(1757,9): error TS1005: ',' expected.
src/controllers/auth.controller.ts(1758,5): error TS1005: ';' expected.
src/controllers/auth.controller.ts(1806,3): error TS1434: Unexpected keyword or identifier.
src/controllers/auth.controller.ts(1807,12): error TS1005: ',' expected.
src/controllers/auth.controller.ts(1808,13): error TS1005: ',' expected.
src/controllers/auth.controller.ts(1809,9): error TS1005: ',' expected.
src/controllers/auth.controller.ts(1810,5): error TS1005: ';' expected.
src/controllers/auth.controller.ts(1837,3): error TS1434: Unexpected keyword or identifier.
src/controllers/auth.controller.ts(1838,12): error TS1005: ',' expected.
src/controllers/auth.controller.ts(1839,13): error TS1005: ',' expected.
src/controllers/auth.controller.ts(1840,9): error TS1005: ',' expected.
src/controllers/auth.controller.ts(1841,5): error TS1005: ';' expected.
src/controllers/auth.controller.ts(1867,1): error TS1128: Declaration or statement expected.

    at Object.<anonymous> (/Users/user/Desktop/jevah-app_backend/src/controllers/auth.controller.ts:1:7)
    at Module._compile (node:internal/modules/cjs/loader:1358:14)
    at Module._compile (/Users/user/Desktop/jevah-app_backend/node_modules/source-map-support/source-map-support.js:568:25)
    at Module.m._compile (/private/var/folders/l9/1wp23qsj3616_b0__4ljrx6m0000gn/T/ts-node-dev-hook-0001372518537643419.js:69:33)
    at Module._extensions..js (node:internal/modules/cjs/loader:1416:10)
    at require.extensions..jsx.require.extensions..js (/private/var/folders/l9/1wp23qsj3616_b0__4ljrx6m0000gn/T/ts-node-dev-hook-0001372518537643419.js:114:20)
    at require.extensions.<computed> (/private/var/folders/l9/1wp23qsj3616_b0__4ljrx6m0000gn/T/ts-node-dev-hook-0001372518537643419.js:71:20)
    at Object.nodeDevHook [as .ts] (/Users/user/Desktop/jevah-app_backend/node_modules/ts-node-dev/lib/hook.js:63:13)
    at Module.load (node:internal/modules/cjs/loader:1208:32)
    at Function.Module._load (node:internal/modules/cjs/loader:1024:12)
2025-08-25 16:31:49 [ERROR]: uncaughtException: ⨯ Unable to compile TypeScript:
src/controllers/auth.controller.ts(1028,3): error TS1128: Declaration or statement expected.
src/controllers/auth.controller.ts(1030,3): error TS1434: Unexpected keyword or identifier.
src/controllers/auth.controller.ts(1030,27): error TS1005: ',' expected.
src/controllers/auth.controller.ts(1030,46): error TS1005: ',' expected.
src/controllers/auth.controller.ts(1030,62): error TS1005: ',' expected.
src/controllers/auth.controller.ts(1030,78): error TS1005: ';' expected.
src/controllers/auth.controller.ts(1097,3): error TS1434: Unexpected keyword or identifier.
src/controllers/auth.controller.ts(1097,29): error TS1005: ',' expected.
src/controllers/auth.controller.ts(1097,48): error TS1005: ',' expected.
src/controllers/auth.controller.ts(1097,64): error TS1005: ',' expected.
src/controllers/auth.controller.ts(1097,80): error TS1005: ';' expected.
src/controllers/auth.controller.ts(1165,3): error TS1434: Unexpected keyword or identifier.
src/controllers/auth.controller.ts(1165,26): error TS1005: ',' expected.
src/controllers/auth.controller.ts(1165,45): error TS1005: ',' expected.
src/controllers/auth.controller.ts(1165,61): error TS1005: ',' expected.
src/controllers/auth.controller.ts(1165,77): error TS1005: ';' expected.
src/controllers/auth.controller.ts(1207,3): error TS1434: Unexpected keyword or identifier.
src/controllers/auth.controller.ts(1207,28): error TS1005: ',' expected.
src/controllers/auth.controller.ts(1207,47): error TS1005: ',' expected.
src/controllers/auth.controller.ts(1207,63): error TS1005: ',' expected.
src/controllers/auth.controller.ts(1207,79): error TS1005: ';' expected.
src/controllers/auth.controller.ts(1251,3): error TS1434: Unexpected keyword or identifier.
src/controllers/auth.controller.ts(1252,12): error TS1005: ',' expected.
src/controllers/auth.controller.ts(1253,13): error TS1005: ',' expected.
src/controllers/auth.controller.ts(1254,9): error TS1005: ',' expected.
src/controllers/auth.controller.ts(1255,5): error TS1005: ';' expected.
src/controllers/auth.controller.ts(1286,3): error TS1434: Unexpected keyword or identifier.
src/controllers/auth.controller.ts(1287,12): error TS1005: ',' expected.
src/controllers/auth.controller.ts(1288,13): error TS1005: ',' expected.
src/controllers/auth.controller.ts(1289,9): error TS1005: ',' expected.
src/controllers/auth.controller.ts(1290,5): error TS1005: ';' expected.
src/controllers/auth.controller.ts(1326,3): error TS1434: Unexpected keyword or identifier.
src/controllers/auth.controller.ts(1327,12): error TS1005: ',' expected.
src/controllers/auth.controller.ts(1328,13): error TS1005: ',' expected.
src/controllers/auth.controller.ts(1329,9): error TS1005: ',' expected.
src/controllers/auth.controller.ts(1330,5): error TS1005: ';' expected.
src/controllers/auth.controller.ts(1420,3): error TS1434: Unexpected keyword or identifier.
src/controllers/auth.controller.ts(1421,12): error TS1005: ',' expected.
src/controllers/auth.controller.ts(1422,13): error TS1005: ',' expected.
src/controllers/auth.controller.ts(1423,9): error TS1005: ',' expected.
src/controllers/auth.controller.ts(1424,5): error TS1005: ';' expected.
src/controllers/auth.controller.ts(1451,3): error TS1434: Unexpected keyword or identifier.
src/controllers/auth.controller.ts(1452,12): error TS1005: ',' expected.
src/controllers/auth.controller.ts(1453,13): error TS1005: ',' expected.
src/controllers/auth.controller.ts(1454,9): error TS1005: ',' expected.
src/controllers/auth.controller.ts(1455,5): error TS1005: ';' expected.
src/controllers/auth.controller.ts(1482,3): error TS1434: Unexpected keyword or identifier.
src/controllers/auth.controller.ts(1483,12): error TS1005: ',' expected.
src/controllers/auth.controller.ts(1484,13): error TS1005: ',' expected.
src/controllers/auth.controller.ts(1485,9): error TS1005: ',' expected.
src/controllers/auth.controller.ts(1486,5): error TS1005: ';' expected.
src/controllers/auth.controller.ts(1562,3): error TS1434: Unexpected keyword or identifier.
src/controllers/auth.controller.ts(1563,12): error TS1005: ',' expected.
src/controllers/auth.controller.ts(1564,13): error TS1005: ',' expected.
src/controllers/auth.controller.ts(1565,9): error TS1005: ',' expected.
src/controllers/auth.controller.ts(1566,5): error TS1005: ';' expected.
src/controllers/auth.controller.ts(1595,3): error TS1434: Unexpected keyword or identifier.
src/controllers/auth.controller.ts(1595,23): error TS1005: ',' expected.
src/controllers/auth.controller.ts(1595,42): error TS1005: ',' expected.
src/controllers/auth.controller.ts(1595,58): error TS1005: ',' expected.
src/controllers/auth.controller.ts(1595,74): error TS1005: ';' expected.
src/controllers/auth.controller.ts(1624,3): error TS1434: Unexpected keyword or identifier.
src/controllers/auth.controller.ts(1625,12): error TS1005: ',' expected.
src/controllers/auth.controller.ts(1626,13): error TS1005: ',' expected.
src/controllers/auth.controller.ts(1627,9): error TS1005: ',' expected.
src/controllers/auth.controller.ts(1628,5): error TS1005: ';' expected.
src/controllers/auth.controller.ts(1713,3): error TS1434: Unexpected keyword or identifier.
src/controllers/auth.controller.ts(1713,29): error TS1005: ',' expected.
src/controllers/auth.controller.ts(1713,48): error TS1005: ',' expected.
src/controllers/auth.controller.ts(1713,64): error TS1005: ',' expected.
src/controllers/auth.controller.ts(1713,80): error TS1005: ';' expected.
src/controllers/auth.controller.ts(1754,3): error TS1434: Unexpected keyword or identifier.
src/controllers/auth.controller.ts(1755,12): error TS1005: ',' expected.
src/controllers/auth.controller.ts(1756,13): error TS1005: ',' expected.
src/controllers/auth.controller.ts(1757,9): error TS1005: ',' expected.
src/controllers/auth.controller.ts(1758,5): error TS1005: ';' expected.
src/controllers/auth.controller.ts(1806,3): error TS1434: Unexpected keyword or identifier.
src/controllers/auth.controller.ts(1807,12): error TS1005: ',' expected.
src/controllers/auth.controller.ts(1808,13): error TS1005: ',' expected.
src/controllers/auth.controller.ts(1809,9): error TS1005: ',' expected.
src/controllers/auth.controller.ts(1810,5): error TS1005: ';' expected.
src/controllers/auth.controller.ts(1837,3): error TS1434: Unexpected keyword or identifier.
src/controllers/auth.controller.ts(1838,12): error TS1005: ',' expected.
src/controllers/auth.controller.ts(1839,13): error TS1005: ',' expected.
src/controllers/auth.controller.ts(1840,9): error TS1005: ',' expected.
src/controllers/auth.controller.ts(1841,5): error TS1005: ';' expected.
src/controllers/auth.controller.ts(1867,1): error TS1128: Declaration or statement expected.

Error: ⨯ Unable to compile TypeScript:
src/controllers/auth.controller.ts(1028,3): error TS1128: Declaration or statement expected.
src/controllers/auth.controller.ts(1030,3): error TS1434: Unexpected keyword or identifier.
src/controllers/auth.controller.ts(1030,27): error TS1005: ',' expected.
src/controllers/auth.controller.ts(1030,46): error TS1005: ',' expected.
src/controllers/auth.controller.ts(1030,62): error TS1005: ',' expected.
src/controllers/auth.controller.ts(1030,78): error TS1005: ';' expected.
src/controllers/auth.controller.ts(1097,3): error TS1434: Unexpected keyword or identifier.
src/controllers/auth.controller.ts(1097,29): error TS1005: ',' expected.
src/controllers/auth.controller.ts(1097,48): error TS1005: ',' expected.
src/controllers/auth.controller.ts(1097,64): error TS1005: ',' expected.
src/controllers/auth.controller.ts(1097,80): error TS1005: ';' expected.
src/controllers/auth.controller.ts(1165,3): error TS1434: Unexpected keyword or identifier.
src/controllers/auth.controller.ts(1165,26): error TS1005: ',' expected.
src/controllers/auth.controller.ts(1165,45): error TS1005: ',' expected.
src/controllers/auth.controller.ts(1165,61): error TS1005: ',' expected.
src/controllers/auth.controller.ts(1165,77): error TS1005: ';' expected.
src/controllers/auth.controller.ts(1207,3): error TS1434: Unexpected keyword or identifier.
src/controllers/auth.controller.ts(1207,28): error TS1005: ',' expected.
src/controllers/auth.controller.ts(1207,47): error TS1005: ',' expected.
src/controllers/auth.controller.ts(1207,63): error TS1005: ',' expected.
src/controllers/auth.controller.ts(1207,79): error TS1005: ';' expected.
src/controllers/auth.controller.ts(1251,3): error TS1434: Unexpected keyword or identifier.
src/controllers/auth.controller.ts(1252,12): error TS1005: ',' expected.
src/controllers/auth.controller.ts(1253,13): error TS1005: ',' expected.
src/controllers/auth.controller.ts(1254,9): error TS1005: ',' expected.
src/controllers/auth.controller.ts(1255,5): error TS1005: ';' expected.
src/controllers/auth.controller.ts(1286,3): error TS1434: Unexpected keyword or identifier.
src/controllers/auth.controller.ts(1287,12): error TS1005: ',' expected.
src/controllers/auth.controller.ts(1288,13): error TS1005: ',' expected.
src/controllers/auth.controller.ts(1289,9): error TS1005: ',' expected.
src/controllers/auth.controller.ts(1290,5): error TS1005: ';' expected.
src/controllers/auth.controller.ts(1326,3): error TS1434: Unexpected keyword or identifier.
src/controllers/auth.controller.ts(1327,12): error TS1005: ',' expected.
src/controllers/auth.controller.ts(1328,13): error TS1005: ',' expected.
src/controllers/auth.controller.ts(1329,9): error TS1005: ',' expected.
src/controllers/auth.controller.ts(1330,5): error TS1005: ';' expected.
src/controllers/auth.controller.ts(1420,3): error TS1434: Unexpected keyword or identifier.
src/controllers/auth.controller.ts(1421,12): error TS1005: ',' expected.
src/controllers/auth.controller.ts(1422,13): error TS1005: ',' expected.
src/controllers/auth.controller.ts(1423,9): error TS1005: ',' expected.
src/controllers/auth.controller.ts(1424,5): error TS1005: ';' expected.
src/controllers/auth.controller.ts(1451,3): error TS1434: Unexpected keyword or identifier.
src/controllers/auth.controller.ts(1452,12): error TS1005: ',' expected.
src/controllers/auth.controller.ts(1453,13): error TS1005: ',' expected.
src/controllers/auth.controller.ts(1454,9): error TS1005: ',' expected.
src/controllers/auth.controller.ts(1455,5): error TS1005: ';' expected.
src/controllers/auth.controller.ts(1482,3): error TS1434: Unexpected keyword or identifier.
src/controllers/auth.controller.ts(1483,12): error TS1005: ',' expected.
src/controllers/auth.controller.ts(1484,13): error TS1005: ',' expected.
src/controllers/auth.controller.ts(1485,9): error TS1005: ',' expected.
src/controllers/auth.controller.ts(1486,5): error TS1005: ';' expected.
src/controllers/auth.controller.ts(1562,3): error TS1434: Unexpected keyword or identifier.
src/controllers/auth.controller.ts(1563,12): error TS1005: ',' expected.
src/controllers/auth.controller.ts(1564,13): error TS1005: ',' expected.
src/controllers/auth.controller.ts(1565,9): error TS1005: ',' expected.
src/controllers/auth.controller.ts(1566,5): error TS1005: ';' expected.
src/controllers/auth.controller.ts(1595,3): error TS1434: Unexpected keyword or identifier.
src/controllers/auth.controller.ts(1595,23): error TS1005: ',' expected.
src/controllers/auth.controller.ts(1595,42): error TS1005: ',' expected.
src/controllers/auth.controller.ts(1595,58): error TS1005: ',' expected.
src/controllers/auth.controller.ts(1595,74): error TS1005: ';' expected.
src/controllers/auth.controller.ts(1624,3): error TS1434: Unexpected keyword or identifier.
src/controllers/auth.controller.ts(1625,12): error TS1005: ',' expected.
src/controllers/auth.controller.ts(1626,13): error TS1005: ',' expected.
src/controllers/auth.controller.ts(1627,9): error TS1005: ',' expected.
src/controllers/auth.controller.ts(1628,5): error TS1005: ';' expected.
src/controllers/auth.controller.ts(1713,3): error TS1434: Unexpected keyword or identifier.
src/controllers/auth.controller.ts(1713,29): error TS1005: ',' expected.
src/controllers/auth.controller.ts(1713,48): error TS1005: ',' expected.
src/controllers/auth.controller.ts(1713,64): error TS1005: ',' expected.
src/controllers/auth.controller.ts(1713,80): error TS1005: ';' expected.
src/controllers/auth.controller.ts(1754,3): error TS1434: Unexpected keyword or identifier.
src/controllers/auth.controller.ts(1755,12): error TS1005: ',' expected.
src/controllers/auth.controller.ts(1756,13): error TS1005: ',' expected.
src/controllers/auth.controller.ts(1757,9): error TS1005: ',' expected.
src/controllers/auth.controller.ts(1758,5): error TS1005: ';' expected.
src/controllers/auth.controller.ts(1806,3): error TS1434: Unexpected keyword or identifier.
src/controllers/auth.controller.ts(1807,12): error TS1005: ',' expected.
src/controllers/auth.controller.ts(1808,13): error TS1005: ',' expected.
src/controllers/auth.controller.ts(1809,9): error TS1005: ',' expected.
src/controllers/auth.controller.ts(1810,5): error TS1005: ';' expected.
src/controllers/auth.controller.ts(1837,3): error TS1434: Unexpected keyword or identifier.
src/controllers/auth.controller.ts(1838,12): error TS1005: ',' expected.
src/controllers/auth.controller.ts(1839,13): error TS1005: ',' expected.
src/controllers/auth.controller.ts(1840,9): error TS1005: ',' expected.
src/controllers/auth.controller.ts(1841,5): error TS1005: ';' expected.
src/controllers/auth.controller.ts(1867,1): error TS1128: Declaration or statement expected.

    at Object.<anonymous> (/Users/user/Desktop/jevah-app_backend/src/controllers/auth.controller.ts:1:7)
    at Module._compile (node:internal/modules/cjs/loader:1469:14)
    at Module._compile (/Users/user/Desktop/jevah-app_backend/node_modules/source-map-support/source-map-support.js:568:25)
    at Module.m._compile (/private/var/folders/l9/1wp23qsj3616_b0__4ljrx6m0000gn/T/ts-node-dev-hook-5766972044571474.js:69:33)
    at Module._extensions..js (node:internal/modules/cjs/loader:1548:10)
    at require.extensions..jsx.require.extensions..js (/private/var/folders/l9/1wp23qsj3616_b0__4ljrx6m0000gn/T/ts-node-dev-hook-5766972044571474.js:114:20)
    at require.extensions.<computed> (/private/var/folders/l9/1wp23qsj3616_b0__4ljrx6m0000gn/T/ts-node-dev-hook-5766972044571474.js:71:20)
    at Object.nodeDevHook [as .ts] (/Users/user/Desktop/jevah-app_backend/node_modules/ts-node-dev/lib/hook.js:63:13)
    at Module.load (node:internal/modules/cjs/loader:1288:32)
    at Function.Module._load (node:internal/modules/cjs/loader:1104:12) {"error":{},"exception":true,"date":"Mon Aug 25 2025 16:31:48 GMT+0100 (West Africa Standard Time)","process":{"pid":67516,"uid":501,"gid":20,"cwd":"/Users/user/Desktop/jevah-app_backend","execPath":"/Users/user/.nvm/versions/node/v20.18.1/bin/node","version":"v20.18.1","argv":["/Users/user/.nvm/versions/node/v20.18.1/bin/node","src/index.ts"],"memoryUsage":{"rss":68243456,"heapTotal":37834752,"heapUsed":27448744,"external":20595384,"arrayBuffers":18281057}},"os":{"loadavg":[246.5693359375,229.05810546875,200.73974609375],"uptime":110676},"trace":[{"column":7,"file":"/Users/user/Desktop/jevah-app_backend/src/controllers/auth.controller.ts","function":null,"line":1,"method":null,"native":false},{"column":14,"file":"node:internal/modules/cjs/loader","function":"Module._compile","line":1469,"method":"_compile","native":false},{"column":25,"file":"/Users/user/Desktop/jevah-app_backend/node_modules/source-map-support/source-map-support.js","function":"Module._compile","line":568,"method":"_compile","native":false},{"column":33,"file":"/private/var/folders/l9/1wp23qsj3616_b0__4ljrx6m0000gn/T/ts-node-dev-hook-5766972044571474.js","function":"Module.m._compile","line":69,"method":"_compile","native":false},{"column":10,"file":"node:internal/modules/cjs/loader","function":"Module._extensions..js","line":1548,"method":".js","native":false},{"column":20,"file":"/private/var/folders/l9/1wp23qsj3616_b0__4ljrx6m0000gn/T/ts-node-dev-hook-5766972044571474.js","function":"require.extensions..jsx.require.extensions..js","line":114,"method":".js","native":false},{"column":20,"file":"/private/var/folders/l9/1wp23qsj3616_b0__4ljrx6m0000gn/T/ts-node-dev-hook-5766972044571474.js","function":"require.extensions.<computed>","line":71,"method":"<computed>","native":false},{"column":13,"file":"/Users/user/Desktop/jevah-app_backend/node_modules/ts-node-dev/lib/hook.js","function":"Object.nodeDevHook [as .ts]","line":63,"method":"ts]","native":false},{"column":32,"file":"node:internal/modules/cjs/loader","function":"Module.load","line":1288,"method":"load","native":false},{"column":12,"file":"node:internal/modules/cjs/loader","function":"Module._load","line":1104,"method":"_load","native":false}]}
Error: ⨯ Unable to compile TypeScript:
src/controllers/auth.controller.ts(1028,3): error TS1128: Declaration or statement expected.
src/controllers/auth.controller.ts(1030,3): error TS1434: Unexpected keyword or identifier.
src/controllers/auth.controller.ts(1030,27): error TS1005: ',' expected.
src/controllers/auth.controller.ts(1030,46): error TS1005: ',' expected.
src/controllers/auth.controller.ts(1030,62): error TS1005: ',' expected.
src/controllers/auth.controller.ts(1030,78): error TS1005: ';' expected.
src/controllers/auth.controller.ts(1097,3): error TS1434: Unexpected keyword or identifier.
src/controllers/auth.controller.ts(1097,29): error TS1005: ',' expected.
src/controllers/auth.controller.ts(1097,48): error TS1005: ',' expected.
src/controllers/auth.controller.ts(1097,64): error TS1005: ',' expected.
src/controllers/auth.controller.ts(1097,80): error TS1005: ';' expected.
src/controllers/auth.controller.ts(1165,3): error TS1434: Unexpected keyword or identifier.
src/controllers/auth.controller.ts(1165,26): error TS1005: ',' expected.
src/controllers/auth.controller.ts(1165,45): error TS1005: ',' expected.
src/controllers/auth.controller.ts(1165,61): error TS1005: ',' expected.
src/controllers/auth.controller.ts(1165,77): error TS1005: ';' expected.
src/controllers/auth.controller.ts(1207,3): error TS1434: Unexpected keyword or identifier.
src/controllers/auth.controller.ts(1207,28): error TS1005: ',' expected.
src/controllers/auth.controller.ts(1207,47): error TS1005: ',' expected.
src/controllers/auth.controller.ts(1207,63): error TS1005: ',' expected.
src/controllers/auth.controller.ts(1207,79): error TS1005: ';' expected.
src/controllers/auth.controller.ts(1251,3): error TS1434: Unexpected keyword or identifier.
src/controllers/auth.controller.ts(1252,12): error TS1005: ',' expected.
src/controllers/auth.controller.ts(1253,13): error TS1005: ',' expected.
src/controllers/auth.controller.ts(1254,9): error TS1005: ',' expected.
src/controllers/auth.controller.ts(1255,5): error TS1005: ';' expected.
src/controllers/auth.controller.ts(1286,3): error TS1434: Unexpected keyword or identifier.
src/controllers/auth.controller.ts(1287,12): error TS1005: ',' expected.
src/controllers/auth.controller.ts(1288,13): error TS1005: ',' expected.
src/controllers/auth.controller.ts(1289,9): error TS1005: ',' expected.
src/controllers/auth.controller.ts(1290,5): error TS1005: ';' expected.
src/controllers/auth.controller.ts(1326,3): error TS1434: Unexpected keyword or identifier.
src/controllers/auth.controller.ts(1327,12): error TS1005: ',' expected.
src/controllers/auth.controller.ts(1328,13): error TS1005: ',' expected.
src/controllers/auth.controller.ts(1329,9): error TS1005: ',' expected.
src/controllers/auth.controller.ts(1330,5): error TS1005: ';' expected.
src/controllers/auth.controller.ts(1420,3): error TS1434: Unexpected keyword or identifier.
src/controllers/auth.controller.ts(1421,12): error TS1005: ',' expected.
src/controllers/auth.controller.ts(1422,13): error TS1005: ',' expected.
src/controllers/auth.controller.ts(1423,9): error TS1005: ',' expected.
src/controllers/auth.controller.ts(1424,5): error TS1005: ';' expected.
src/controllers/auth.controller.ts(1451,3): error TS1434: Unexpected keyword or identifier.
src/controllers/auth.controller.ts(1452,12): error TS1005: ',' expected.
src/controllers/auth.controller.ts(1453,13): error TS1005: ',' expected.
src/controllers/auth.controller.ts(1454,9): error TS1005: ',' expected.
src/controllers/auth.controller.ts(1455,5): error TS1005: ';' expected.
src/controllers/auth.controller.ts(1482,3): error TS1434: Unexpected keyword or identifier.
src/controllers/auth.controller.ts(1483,12): error TS1005: ',' expected.
src/controllers/auth.controller.ts(1484,13): error TS1005: ',' expected.
src/controllers/auth.controller.ts(1485,9): error TS1005: ',' expected.
src/controllers/auth.controller.ts(1486,5): error TS1005: ';' expected.
src/controllers/auth.controller.ts(1562,3): error TS1434: Unexpected keyword or identifier.
src/controllers/auth.controller.ts(1563,12): error TS1005: ',' expected.
src/controllers/auth.controller.ts(1564,13): error TS1005: ',' expected.
src/controllers/auth.controller.ts(1565,9): error TS1005: ',' expected.
src/controllers/auth.controller.ts(1566,5): error TS1005: ';' expected.
src/controllers/auth.controller.ts(1595,3): error TS1434: Unexpected keyword or identifier.
src/controllers/auth.controller.ts(1595,23): error TS1005: ',' expected.
src/controllers/auth.controller.ts(1595,42): error TS1005: ',' expected.
src/controllers/auth.controller.ts(1595,58): error TS1005: ',' expected.
src/controllers/auth.controller.ts(1595,74): error TS1005: ';' expected.
src/controllers/auth.controller.ts(1624,3): error TS1434: Unexpected keyword or identifier.
src/controllers/auth.controller.ts(1625,12): error TS1005: ',' expected.
src/controllers/auth.controller.ts(1626,13): error TS1005: ',' expected.
src/controllers/auth.controller.ts(1627,9): error TS1005: ',' expected.
src/controllers/auth.controller.ts(1628,5): error TS1005: ';' expected.
src/controllers/auth.controller.ts(1713,3): error TS1434: Unexpected keyword or identifier.
src/controllers/auth.controller.ts(1713,29): error TS1005: ',' expected.
src/controllers/auth.controller.ts(1713,48): error TS1005: ',' expected.
src/controllers/auth.controller.ts(1713,64): error TS1005: ',' expected.
src/controllers/auth.controller.ts(1713,80): error TS1005: ';' expected.
src/controllers/auth.controller.ts(1754,3): error TS1434: Unexpected keyword or identifier.
src/controllers/auth.controller.ts(1755,12): error TS1005: ',' expected.
src/controllers/auth.controller.ts(1756,13): error TS1005: ',' expected.
src/controllers/auth.controller.ts(1757,9): error TS1005: ',' expected.
src/controllers/auth.controller.ts(1758,5): error TS1005: ';' expected.
src/controllers/auth.controller.ts(1806,3): error TS1434: Unexpected keyword or identifier.
src/controllers/auth.controller.ts(1807,12): error TS1005: ',' expected.
src/controllers/auth.controller.ts(1808,13): error TS1005: ',' expected.
src/controllers/auth.controller.ts(1809,9): error TS1005: ',' expected.
src/controllers/auth.controller.ts(1810,5): error TS1005: ';' expected.
src/controllers/auth.controller.ts(1837,3): error TS1434: Unexpected keyword or identifier.
src/controllers/auth.controller.ts(1838,12): error TS1005: ',' expected.
src/controllers/auth.controller.ts(1839,13): error TS1005: ',' expected.
src/controllers/auth.controller.ts(1840,9): error TS1005: ',' expected.
src/controllers/auth.controller.ts(1841,5): error TS1005: ';' expected.
src/controllers/auth.controller.ts(1867,1): error TS1128: Declaration or statement expected.

    at Object.<anonymous> (/Users/user/Desktop/jevah-app_backend/src/controllers/auth.controller.ts:1:7)
    at Module._compile (node:internal/modules/cjs/loader:1469:14)
    at Module._compile (/Users/user/Desktop/jevah-app_backend/node_modules/source-map-support/source-map-support.js:568:25)
    at Module.m._compile (/private/var/folders/l9/1wp23qsj3616_b0__4ljrx6m0000gn/T/ts-node-dev-hook-5766972044571474.js:69:33)
    at Module._extensions..js (node:internal/modules/cjs/loader:1548:10)
    at require.extensions..jsx.require.extensions..js (/private/var/folders/l9/1wp23qsj3616_b0__4ljrx6m0000gn/T/ts-node-dev-hook-5766972044571474.js:114:20)
    at require.extensions.<computed> (/private/var/folders/l9/1wp23qsj3616_b0__4ljrx6m0000gn/T/ts-node-dev-hook-5766972044571474.js:71:20)
    at Object.nodeDevHook [as .ts] (/Users/user/Desktop/jevah-app_backend/node_modules/ts-node-dev/lib/hook.js:63:13)
    at Module.load (node:internal/modules/cjs/loader:1288:32)
    at Function.Module._load (node:internal/modules/cjs/loader:1104:12)
2025-08-25 16:45:27 [ERROR]: uncaughtException: Identifier 'JWT_SECRET' has already been declared
/Users/user/Desktop/jevah-app_backend/src/service/auth.service.ts:694
const JWT_SECRET = process.env.JWT_SECRET;
      ^

SyntaxError: Identifier 'JWT_SECRET' has already been declared
    at wrapSafe (node:internal/modules/cjs/loader:1281:20)
    at Module._compile (node:internal/modules/cjs/loader:1321:27)
    at Module._compile (/Users/user/Desktop/jevah-app_backend/node_modules/source-map-support/source-map-support.js:568:25)
    at Module.m._compile (/private/var/folders/l9/1wp23qsj3616_b0__4ljrx6m0000gn/T/ts-node-dev-hook-0001372518537643419.js:69:33)
    at Module._extensions..js (node:internal/modules/cjs/loader:1416:10)
    at require.extensions..jsx.require.extensions..js (/private/var/folders/l9/1wp23qsj3616_b0__4ljrx6m0000gn/T/ts-node-dev-hook-0001372518537643419.js:114:20)
    at require.extensions.<computed> (/private/var/folders/l9/1wp23qsj3616_b0__4ljrx6m0000gn/T/ts-node-dev-hook-0001372518537643419.js:71:20)
    at Object.nodeDevHook [as .ts] (/Users/user/Desktop/jevah-app_backend/node_modules/ts-node-dev/lib/hook.js:63:13)
    at Module.load (node:internal/modules/cjs/loader:1208:32)
    at Function.Module._load (node:internal/modules/cjs/loader:1024:12) {"error":{},"exception":true,"date":"Mon Aug 25 2025 16:45:27 GMT+0100 (West Africa Standard Time)","process":{"pid":72412,"uid":501,"gid":20,"cwd":"/Users/user/Desktop/jevah-app_backend","execPath":"/usr/local/bin/node","version":"v20.13.1","argv":["/usr/local/bin/node","src/index.ts"],"memoryUsage":{"rss":57810944,"heapTotal":41676800,"heapUsed":25215728,"external":20552321,"arrayBuffers":18270659}},"os":{"loadavg":[410.6875,346.59619140625,275.0078125],"uptime":111495},"trace":[{"column":20,"file":"node:internal/modules/cjs/loader","function":"wrapSafe","line":1281,"method":null,"native":false},{"column":27,"file":"node:internal/modules/cjs/loader","function":"Module._compile","line":1321,"method":"_compile","native":false},{"column":25,"file":"/Users/user/Desktop/jevah-app_backend/node_modules/source-map-support/source-map-support.js","function":"Module._compile","line":568,"method":"_compile","native":false},{"column":33,"file":"/private/var/folders/l9/1wp23qsj3616_b0__4ljrx6m0000gn/T/ts-node-dev-hook-0001372518537643419.js","function":"Module.m._compile","line":69,"method":"_compile","native":false},{"column":10,"file":"node:internal/modules/cjs/loader","function":"Module._extensions..js","line":1416,"method":".js","native":false},{"column":20,"file":"/private/var/folders/l9/1wp23qsj3616_b0__4ljrx6m0000gn/T/ts-node-dev-hook-0001372518537643419.js","function":"require.extensions..jsx.require.extensions..js","line":114,"method":".js","native":false},{"column":20,"file":"/private/var/folders/l9/1wp23qsj3616_b0__4ljrx6m0000gn/T/ts-node-dev-hook-0001372518537643419.js","function":"require.extensions.<computed>","line":71,"method":"<computed>","native":false},{"column":13,"file":"/Users/user/Desktop/jevah-app_backend/node_modules/ts-node-dev/lib/hook.js","function":"Object.nodeDevHook [as .ts]","line":63,"method":"ts]","native":false},{"column":32,"file":"node:internal/modules/cjs/loader","function":"Module.load","line":1208,"method":"load","native":false},{"column":12,"file":"node:internal/modules/cjs/loader","function":"Module._load","line":1024,"method":"_load","native":false}]}
/Users/user/Desktop/jevah-app_backend/src/service/auth.service.ts:694
const JWT_SECRET = process.env.JWT_SECRET;
      ^

SyntaxError: Identifier 'JWT_SECRET' has already been declared
    at wrapSafe (node:internal/modules/cjs/loader:1281:20)
    at Module._compile (node:internal/modules/cjs/loader:1321:27)
    at Module._compile (/Users/user/Desktop/jevah-app_backend/node_modules/source-map-support/source-map-support.js:568:25)
    at Module.m._compile (/private/var/folders/l9/1wp23qsj3616_b0__4ljrx6m0000gn/T/ts-node-dev-hook-0001372518537643419.js:69:33)
    at Module._extensions..js (node:internal/modules/cjs/loader:1416:10)
    at require.extensions..jsx.require.extensions..js (/private/var/folders/l9/1wp23qsj3616_b0__4ljrx6m0000gn/T/ts-node-dev-hook-0001372518537643419.js:114:20)
    at require.extensions.<computed> (/private/var/folders/l9/1wp23qsj3616_b0__4ljrx6m0000gn/T/ts-node-dev-hook-0001372518537643419.js:71:20)
    at Object.nodeDevHook [as .ts] (/Users/user/Desktop/jevah-app_backend/node_modules/ts-node-dev/lib/hook.js:63:13)
    at Module.load (node:internal/modules/cjs/loader:1208:32)
    at Function.Module._load (node:internal/modules/cjs/loader:1024:12)
2025-08-25 16:45:30 [ERROR]: uncaughtException: Identifier 'JWT_SECRET' has already been declared
/Users/user/Desktop/jevah-app_backend/src/service/auth.service.ts:694
const JWT_SECRET = process.env.JWT_SECRET;
      ^

SyntaxError: Identifier 'JWT_SECRET' has already been declared
    at wrapSafe (node:internal/modules/cjs/loader:1378:20)
    at Module._compile (node:internal/modules/cjs/loader:1428:41)
    at Module._compile (/Users/user/Desktop/jevah-app_backend/node_modules/source-map-support/source-map-support.js:568:25)
    at Module.m._compile (/private/var/folders/l9/1wp23qsj3616_b0__4ljrx6m0000gn/T/ts-node-dev-hook-5766972044571474.js:69:33)
    at Module._extensions..js (node:internal/modules/cjs/loader:1548:10)
    at require.extensions..jsx.require.extensions..js (/private/var/folders/l9/1wp23qsj3616_b0__4ljrx6m0000gn/T/ts-node-dev-hook-5766972044571474.js:114:20)
    at require.extensions.<computed> (/private/var/folders/l9/1wp23qsj3616_b0__4ljrx6m0000gn/T/ts-node-dev-hook-5766972044571474.js:71:20)
    at Object.nodeDevHook [as .ts] (/Users/user/Desktop/jevah-app_backend/node_modules/ts-node-dev/lib/hook.js:63:13)
    at Module.load (node:internal/modules/cjs/loader:1288:32)
    at Function.Module._load (node:internal/modules/cjs/loader:1104:12) {"error":{},"exception":true,"date":"Mon Aug 25 2025 16:45:30 GMT+0100 (West Africa Standard Time)","process":{"pid":72419,"uid":501,"gid":20,"cwd":"/Users/user/Desktop/jevah-app_backend","execPath":"/Users/user/.nvm/versions/node/v20.18.1/bin/node","version":"v20.18.1","argv":["/Users/user/.nvm/versions/node/v20.18.1/bin/node","src/index.ts"],"memoryUsage":{"rss":55988224,"heapTotal":39854080,"heapUsed":27388696,"external":20595384,"arrayBuffers":18270659}},"os":{"loadavg":[418.56005859375,349.2919921875,276.37841796875],"uptime":111498},"trace":[{"column":20,"file":"node:internal/modules/cjs/loader","function":"wrapSafe","line":1378,"method":null,"native":false},{"column":41,"file":"node:internal/modules/cjs/loader","function":"Module._compile","line":1428,"method":"_compile","native":false},{"column":25,"file":"/Users/user/Desktop/jevah-app_backend/node_modules/source-map-support/source-map-support.js","function":"Module._compile","line":568,"method":"_compile","native":false},{"column":33,"file":"/private/var/folders/l9/1wp23qsj3616_b0__4ljrx6m0000gn/T/ts-node-dev-hook-5766972044571474.js","function":"Module.m._compile","line":69,"method":"_compile","native":false},{"column":10,"file":"node:internal/modules/cjs/loader","function":"Module._extensions..js","line":1548,"method":".js","native":false},{"column":20,"file":"/private/var/folders/l9/1wp23qsj3616_b0__4ljrx6m0000gn/T/ts-node-dev-hook-5766972044571474.js","function":"require.extensions..jsx.require.extensions..js","line":114,"method":".js","native":false},{"column":20,"file":"/private/var/folders/l9/1wp23qsj3616_b0__4ljrx6m0000gn/T/ts-node-dev-hook-5766972044571474.js","function":"require.extensions.<computed>","line":71,"method":"<computed>","native":false},{"column":13,"file":"/Users/user/Desktop/jevah-app_backend/node_modules/ts-node-dev/lib/hook.js","function":"Object.nodeDevHook [as .ts]","line":63,"method":"ts]","native":false},{"column":32,"file":"node:internal/modules/cjs/loader","function":"Module.load","line":1288,"method":"load","native":false},{"column":12,"file":"node:internal/modules/cjs/loader","function":"Module._load","line":1104,"method":"_load","native":false}]}
/Users/user/Desktop/jevah-app_backend/src/service/auth.service.ts:694
const JWT_SECRET = process.env.JWT_SECRET;
      ^

SyntaxError: Identifier 'JWT_SECRET' has already been declared
    at wrapSafe (node:internal/modules/cjs/loader:1378:20)
    at Module._compile (node:internal/modules/cjs/loader:1428:41)
    at Module._compile (/Users/user/Desktop/jevah-app_backend/node_modules/source-map-support/source-map-support.js:568:25)
    at Module.m._compile (/private/var/folders/l9/1wp23qsj3616_b0__4ljrx6m0000gn/T/ts-node-dev-hook-5766972044571474.js:69:33)
    at Module._extensions..js (node:internal/modules/cjs/loader:1548:10)
    at require.extensions..jsx.require.extensions..js (/private/var/folders/l9/1wp23qsj3616_b0__4ljrx6m0000gn/T/ts-node-dev-hook-5766972044571474.js:114:20)
    at require.extensions.<computed> (/private/var/folders/l9/1wp23qsj3616_b0__4ljrx6m0000gn/T/ts-node-dev-hook-5766972044571474.js:71:20)
    at Object.nodeDevHook [as .ts] (/Users/user/Desktop/jevah-app_backend/node_modules/ts-node-dev/lib/hook.js:63:13)
    at Module.load (node:internal/modules/cjs/loader:1288:32)
    at Function.Module._load (node:internal/modules/cjs/loader:1104:12)
2025-08-25 16:49:35 [ERROR]: uncaughtException: Identifier 'JWT_SECRET' has already been declared
/Users/user/Desktop/jevah-app_backend/src/service/auth.service.ts:694
const JWT_SECRET = process.env.JWT_SECRET;
      ^

SyntaxError: Identifier 'JWT_SECRET' has already been declared
    at wrapSafe (node:internal/modules/cjs/loader:1378:20)
    at Module._compile (node:internal/modules/cjs/loader:1428:41)
    at Module._compile (/Users/user/Desktop/jevah-app_backend/node_modules/source-map-support/source-map-support.js:568:25)
    at Module.m._compile (/private/var/folders/l9/1wp23qsj3616_b0__4ljrx6m0000gn/T/ts-node-dev-hook-5766972044571474.js:69:33)
    at Module._extensions..js (node:internal/modules/cjs/loader:1548:10)
    at require.extensions..jsx.require.extensions..js (/private/var/folders/l9/1wp23qsj3616_b0__4ljrx6m0000gn/T/ts-node-dev-hook-5766972044571474.js:114:20)
    at require.extensions.<computed> (/private/var/folders/l9/1wp23qsj3616_b0__4ljrx6m0000gn/T/ts-node-dev-hook-5766972044571474.js:71:20)
    at Object.nodeDevHook [as .ts] (/Users/user/Desktop/jevah-app_backend/node_modules/ts-node-dev/lib/hook.js:63:13)
    at Module.load (node:internal/modules/cjs/loader:1288:32)
    at Function.Module._load (node:internal/modules/cjs/loader:1104:12) {"error":{},"exception":true,"date":"Mon Aug 25 2025 16:49:35 GMT+0100 (West Africa Standard Time)","process":{"pid":73282,"uid":501,"gid":20,"cwd":"/Users/user/Desktop/jevah-app_backend","execPath":"/Users/user/.nvm/versions/node/v20.18.1/bin/node","version":"v20.18.1","argv":["/Users/user/.nvm/versions/node/v20.18.1/bin/node","src/index.ts"],"memoryUsage":{"rss":74141696,"heapTotal":39854080,"heapUsed":24786968,"external":20595384,"arrayBuffers":18270659}},"os":{"loadavg":[337.81494140625,386.79833984375,314.2392578125],"uptime":111743},"trace":[{"column":20,"file":"node:internal/modules/cjs/loader","function":"wrapSafe","line":1378,"method":null,"native":false},{"column":41,"file":"node:internal/modules/cjs/loader","function":"Module._compile","line":1428,"method":"_compile","native":false},{"column":25,"file":"/Users/user/Desktop/jevah-app_backend/node_modules/source-map-support/source-map-support.js","function":"Module._compile","line":568,"method":"_compile","native":false},{"column":33,"file":"/private/var/folders/l9/1wp23qsj3616_b0__4ljrx6m0000gn/T/ts-node-dev-hook-5766972044571474.js","function":"Module.m._compile","line":69,"method":"_compile","native":false},{"column":10,"file":"node:internal/modules/cjs/loader","function":"Module._extensions..js","line":1548,"method":".js","native":false},{"column":20,"file":"/private/var/folders/l9/1wp23qsj3616_b0__4ljrx6m0000gn/T/ts-node-dev-hook-5766972044571474.js","function":"require.extensions..jsx.require.extensions..js","line":114,"method":".js","native":false},{"column":20,"file":"/private/var/folders/l9/1wp23qsj3616_b0__4ljrx6m0000gn/T/ts-node-dev-hook-5766972044571474.js","function":"require.extensions.<computed>","line":71,"method":"<computed>","native":false},{"column":13,"file":"/Users/user/Desktop/jevah-app_backend/node_modules/ts-node-dev/lib/hook.js","function":"Object.nodeDevHook [as .ts]","line":63,"method":"ts]","native":false},{"column":32,"file":"node:internal/modules/cjs/loader","function":"Module.load","line":1288,"method":"load","native":false},{"column":12,"file":"node:internal/modules/cjs/loader","function":"Module._load","line":1104,"method":"_load","native":false}]}
/Users/user/Desktop/jevah-app_backend/src/service/auth.service.ts:694
const JWT_SECRET = process.env.JWT_SECRET;
      ^

SyntaxError: Identifier 'JWT_SECRET' has already been declared
    at wrapSafe (node:internal/modules/cjs/loader:1378:20)
    at Module._compile (node:internal/modules/cjs/loader:1428:41)
    at Module._compile (/Users/user/Desktop/jevah-app_backend/node_modules/source-map-support/source-map-support.js:568:25)
    at Module.m._compile (/private/var/folders/l9/1wp23qsj3616_b0__4ljrx6m0000gn/T/ts-node-dev-hook-5766972044571474.js:69:33)
    at Module._extensions..js (node:internal/modules/cjs/loader:1548:10)
    at require.extensions..jsx.require.extensions..js (/private/var/folders/l9/1wp23qsj3616_b0__4ljrx6m0000gn/T/ts-node-dev-hook-5766972044571474.js:114:20)
    at require.extensions.<computed> (/private/var/folders/l9/1wp23qsj3616_b0__4ljrx6m0000gn/T/ts-node-dev-hook-5766972044571474.js:71:20)
    at Object.nodeDevHook [as .ts] (/Users/user/Desktop/jevah-app_backend/node_modules/ts-node-dev/lib/hook.js:63:13)
    at Module.load (node:internal/modules/cjs/loader:1288:32)
    at Function.Module._load (node:internal/modules/cjs/loader:1104:12)
2025-08-25 16:49:35 [ERROR]: uncaughtException: Identifier 'JWT_SECRET' has already been declared
/Users/user/Desktop/jevah-app_backend/src/service/auth.service.ts:694
const JWT_SECRET = process.env.JWT_SECRET;
      ^

SyntaxError: Identifier 'JWT_SECRET' has already been declared
    at wrapSafe (node:internal/modules/cjs/loader:1281:20)
    at Module._compile (node:internal/modules/cjs/loader:1321:27)
    at Module._compile (/Users/user/Desktop/jevah-app_backend/node_modules/source-map-support/source-map-support.js:568:25)
    at Module.m._compile (/private/var/folders/l9/1wp23qsj3616_b0__4ljrx6m0000gn/T/ts-node-dev-hook-0001372518537643419.js:69:33)
    at Module._extensions..js (node:internal/modules/cjs/loader:1416:10)
    at require.extensions..jsx.require.extensions..js (/private/var/folders/l9/1wp23qsj3616_b0__4ljrx6m0000gn/T/ts-node-dev-hook-0001372518537643419.js:114:20)
    at require.extensions.<computed> (/private/var/folders/l9/1wp23qsj3616_b0__4ljrx6m0000gn/T/ts-node-dev-hook-0001372518537643419.js:71:20)
    at Object.nodeDevHook [as .ts] (/Users/user/Desktop/jevah-app_backend/node_modules/ts-node-dev/lib/hook.js:63:13)
    at Module.load (node:internal/modules/cjs/loader:1208:32)
    at Function.Module._load (node:internal/modules/cjs/loader:1024:12) {"error":{},"exception":true,"date":"Mon Aug 25 2025 16:49:35 GMT+0100 (West Africa Standard Time)","process":{"pid":73281,"uid":501,"gid":20,"cwd":"/Users/user/Desktop/jevah-app_backend","execPath":"/usr/local/bin/node","version":"v20.13.1","argv":["/usr/local/bin/node","src/index.ts"],"memoryUsage":{"rss":74215424,"heapTotal":39571456,"heapUsed":24813392,"external":20562563,"arrayBuffers":18270659}},"os":{"loadavg":[337.81494140625,386.79833984375,314.2392578125],"uptime":111743},"trace":[{"column":20,"file":"node:internal/modules/cjs/loader","function":"wrapSafe","line":1281,"method":null,"native":false},{"column":27,"file":"node:internal/modules/cjs/loader","function":"Module._compile","line":1321,"method":"_compile","native":false},{"column":25,"file":"/Users/user/Desktop/jevah-app_backend/node_modules/source-map-support/source-map-support.js","function":"Module._compile","line":568,"method":"_compile","native":false},{"column":33,"file":"/private/var/folders/l9/1wp23qsj3616_b0__4ljrx6m0000gn/T/ts-node-dev-hook-0001372518537643419.js","function":"Module.m._compile","line":69,"method":"_compile","native":false},{"column":10,"file":"node:internal/modules/cjs/loader","function":"Module._extensions..js","line":1416,"method":".js","native":false},{"column":20,"file":"/private/var/folders/l9/1wp23qsj3616_b0__4ljrx6m0000gn/T/ts-node-dev-hook-0001372518537643419.js","function":"require.extensions..jsx.require.extensions..js","line":114,"method":".js","native":false},{"column":20,"file":"/private/var/folders/l9/1wp23qsj3616_b0__4ljrx6m0000gn/T/ts-node-dev-hook-0001372518537643419.js","function":"require.extensions.<computed>","line":71,"method":"<computed>","native":false},{"column":13,"file":"/Users/user/Desktop/jevah-app_backend/node_modules/ts-node-dev/lib/hook.js","function":"Object.nodeDevHook [as .ts]","line":63,"method":"ts]","native":false},{"column":32,"file":"node:internal/modules/cjs/loader","function":"Module.load","line":1208,"method":"load","native":false},{"column":12,"file":"node:internal/modules/cjs/loader","function":"Module._load","line":1024,"method":"_load","native":false}]}
/Users/user/Desktop/jevah-app_backend/src/service/auth.service.ts:694
const JWT_SECRET = process.env.JWT_SECRET;
      ^

SyntaxError: Identifier 'JWT_SECRET' has already been declared
    at wrapSafe (node:internal/modules/cjs/loader:1281:20)
    at Module._compile (node:internal/modules/cjs/loader:1321:27)
    at Module._compile (/Users/user/Desktop/jevah-app_backend/node_modules/source-map-support/source-map-support.js:568:25)
    at Module.m._compile (/private/var/folders/l9/1wp23qsj3616_b0__4ljrx6m0000gn/T/ts-node-dev-hook-0001372518537643419.js:69:33)
    at Module._extensions..js (node:internal/modules/cjs/loader:1416:10)
    at require.extensions..jsx.require.extensions..js (/private/var/folders/l9/1wp23qsj3616_b0__4ljrx6m0000gn/T/ts-node-dev-hook-0001372518537643419.js:114:20)
    at require.extensions.<computed> (/private/var/folders/l9/1wp23qsj3616_b0__4ljrx6m0000gn/T/ts-node-dev-hook-0001372518537643419.js:71:20)
    at Object.nodeDevHook [as .ts] (/Users/user/Desktop/jevah-app_backend/node_modules/ts-node-dev/lib/hook.js:63:13)
    at Module.load (node:internal/modules/cjs/loader:1208:32)
    at Function.Module._load (node:internal/modules/cjs/loader:1024:12)
2025-08-25 16:57:20 [ERROR]: uncaughtException: Identifier 'MediaService' has already been declared
/Users/user/Desktop/jevah-app_backend/src/service/media.service.ts:1245
class MediaService {

SyntaxError: Identifier 'MediaService' has already been declared
    at wrapSafe (node:internal/modules/cjs/loader:1281:20)
    at Module._compile (node:internal/modules/cjs/loader:1321:27)
    at Module._compile (/Users/user/Desktop/jevah-app_backend/node_modules/source-map-support/source-map-support.js:568:25)
    at Module.m._compile (/private/var/folders/l9/1wp23qsj3616_b0__4ljrx6m0000gn/T/ts-node-dev-hook-0001372518537643419.js:69:33)
    at Module._extensions..js (node:internal/modules/cjs/loader:1416:10)
    at require.extensions..jsx.require.extensions..js (/private/var/folders/l9/1wp23qsj3616_b0__4ljrx6m0000gn/T/ts-node-dev-hook-0001372518537643419.js:114:20)
    at require.extensions.<computed> (/private/var/folders/l9/1wp23qsj3616_b0__4ljrx6m0000gn/T/ts-node-dev-hook-0001372518537643419.js:71:20)
    at Object.nodeDevHook [as .ts] (/Users/user/Desktop/jevah-app_backend/node_modules/ts-node-dev/lib/hook.js:63:13)
    at Module.load (node:internal/modules/cjs/loader:1208:32)
    at Function.Module._load (node:internal/modules/cjs/loader:1024:12) {"error":{},"exception":true,"date":"Mon Aug 25 2025 16:57:20 GMT+0100 (West Africa Standard Time)","process":{"pid":77674,"uid":501,"gid":20,"cwd":"/Users/user/Desktop/jevah-app_backend","execPath":"/usr/local/bin/node","version":"v20.13.1","argv":["/usr/local/bin/node","src/index.ts"],"memoryUsage":{"rss":92233728,"heapTotal":63160320,"heapUsed":42525736,"external":20860014,"arrayBuffers":18273364}},"os":{"loadavg":[150.45068359375,238.85009765625,266.59814453125],"uptime":112208},"trace":[{"column":20,"file":"node:internal/modules/cjs/loader","function":"wrapSafe","line":1281,"method":null,"native":false},{"column":27,"file":"node:internal/modules/cjs/loader","function":"Module._compile","line":1321,"method":"_compile","native":false},{"column":25,"file":"/Users/user/Desktop/jevah-app_backend/node_modules/source-map-support/source-map-support.js","function":"Module._compile","line":568,"method":"_compile","native":false},{"column":33,"file":"/private/var/folders/l9/1wp23qsj3616_b0__4ljrx6m0000gn/T/ts-node-dev-hook-0001372518537643419.js","function":"Module.m._compile","line":69,"method":"_compile","native":false},{"column":10,"file":"node:internal/modules/cjs/loader","function":"Module._extensions..js","line":1416,"method":".js","native":false},{"column":20,"file":"/private/var/folders/l9/1wp23qsj3616_b0__4ljrx6m0000gn/T/ts-node-dev-hook-0001372518537643419.js","function":"require.extensions..jsx.require.extensions..js","line":114,"method":".js","native":false},{"column":20,"file":"/private/var/folders/l9/1wp23qsj3616_b0__4ljrx6m0000gn/T/ts-node-dev-hook-0001372518537643419.js","function":"require.extensions.<computed>","line":71,"method":"<computed>","native":false},{"column":13,"file":"/Users/user/Desktop/jevah-app_backend/node_modules/ts-node-dev/lib/hook.js","function":"Object.nodeDevHook [as .ts]","line":63,"method":"ts]","native":false},{"column":32,"file":"node:internal/modules/cjs/loader","function":"Module.load","line":1208,"method":"load","native":false},{"column":12,"file":"node:internal/modules/cjs/loader","function":"Module._load","line":1024,"method":"_load","native":false}]}
/Users/user/Desktop/jevah-app_backend/src/service/media.service.ts:1245
class MediaService {

SyntaxError: Identifier 'MediaService' has already been declared
    at wrapSafe (node:internal/modules/cjs/loader:1281:20)
    at Module._compile (node:internal/modules/cjs/loader:1321:27)
    at Module._compile (/Users/user/Desktop/jevah-app_backend/node_modules/source-map-support/source-map-support.js:568:25)
    at Module.m._compile (/private/var/folders/l9/1wp23qsj3616_b0__4ljrx6m0000gn/T/ts-node-dev-hook-0001372518537643419.js:69:33)
    at Module._extensions..js (node:internal/modules/cjs/loader:1416:10)
    at require.extensions..jsx.require.extensions..js (/private/var/folders/l9/1wp23qsj3616_b0__4ljrx6m0000gn/T/ts-node-dev-hook-0001372518537643419.js:114:20)
    at require.extensions.<computed> (/private/var/folders/l9/1wp23qsj3616_b0__4ljrx6m0000gn/T/ts-node-dev-hook-0001372518537643419.js:71:20)
    at Object.nodeDevHook [as .ts] (/Users/user/Desktop/jevah-app_backend/node_modules/ts-node-dev/lib/hook.js:63:13)
    at Module.load (node:internal/modules/cjs/loader:1208:32)
    at Function.Module._load (node:internal/modules/cjs/loader:1024:12)
2025-08-25 16:57:23 [ERROR]: uncaughtException: Identifier 'MediaService' has already been declared
/Users/user/Desktop/jevah-app_backend/src/service/media.service.ts:1245
class MediaService {

SyntaxError: Identifier 'MediaService' has already been declared
    at wrapSafe (node:internal/modules/cjs/loader:1378:20)
    at Module._compile (node:internal/modules/cjs/loader:1428:41)
    at Module._compile (/Users/user/Desktop/jevah-app_backend/node_modules/source-map-support/source-map-support.js:568:25)
    at Module.m._compile (/private/var/folders/l9/1wp23qsj3616_b0__4ljrx6m0000gn/T/ts-node-dev-hook-5766972044571474.js:69:33)
    at Module._extensions..js (node:internal/modules/cjs/loader:1548:10)
    at require.extensions..jsx.require.extensions..js (/private/var/folders/l9/1wp23qsj3616_b0__4ljrx6m0000gn/T/ts-node-dev-hook-5766972044571474.js:114:20)
    at require.extensions.<computed> (/private/var/folders/l9/1wp23qsj3616_b0__4ljrx6m0000gn/T/ts-node-dev-hook-5766972044571474.js:71:20)
    at Object.nodeDevHook [as .ts] (/Users/user/Desktop/jevah-app_backend/node_modules/ts-node-dev/lib/hook.js:63:13)
    at Module.load (node:internal/modules/cjs/loader:1288:32)
    at Function.Module._load (node:internal/modules/cjs/loader:1104:12) {"error":{},"exception":true,"date":"Mon Aug 25 2025 16:57:23 GMT+0100 (West Africa Standard Time)","process":{"pid":77680,"uid":501,"gid":20,"cwd":"/Users/user/Desktop/jevah-app_backend","execPath":"/Users/user/.nvm/versions/node/v20.18.1/bin/node","version":"v20.18.1","argv":["/Users/user/.nvm/versions/node/v20.18.1/bin/node","src/index.ts"],"memoryUsage":{"rss":100143104,"heapTotal":65810432,"heapUsed":41703688,"external":20892942,"arrayBuffers":18273363}},"os":{"loadavg":[150.45068359375,238.85009765625,266.59814453125],"uptime":112211},"trace":[{"column":20,"file":"node:internal/modules/cjs/loader","function":"wrapSafe","line":1378,"method":null,"native":false},{"column":41,"file":"node:internal/modules/cjs/loader","function":"Module._compile","line":1428,"method":"_compile","native":false},{"column":25,"file":"/Users/user/Desktop/jevah-app_backend/node_modules/source-map-support/source-map-support.js","function":"Module._compile","line":568,"method":"_compile","native":false},{"column":33,"file":"/private/var/folders/l9/1wp23qsj3616_b0__4ljrx6m0000gn/T/ts-node-dev-hook-5766972044571474.js","function":"Module.m._compile","line":69,"method":"_compile","native":false},{"column":10,"file":"node:internal/modules/cjs/loader","function":"Module._extensions..js","line":1548,"method":".js","native":false},{"column":20,"file":"/private/var/folders/l9/1wp23qsj3616_b0__4ljrx6m0000gn/T/ts-node-dev-hook-5766972044571474.js","function":"require.extensions..jsx.require.extensions..js","line":114,"method":".js","native":false},{"column":20,"file":"/private/var/folders/l9/1wp23qsj3616_b0__4ljrx6m0000gn/T/ts-node-dev-hook-5766972044571474.js","function":"require.extensions.<computed>","line":71,"method":"<computed>","native":false},{"column":13,"file":"/Users/user/Desktop/jevah-app_backend/node_modules/ts-node-dev/lib/hook.js","function":"Object.nodeDevHook [as .ts]","line":63,"method":"ts]","native":false},{"column":32,"file":"node:internal/modules/cjs/loader","function":"Module.load","line":1288,"method":"load","native":false},{"column":12,"file":"node:internal/modules/cjs/loader","function":"Module._load","line":1104,"method":"_load","native":false}]}
/Users/user/Desktop/jevah-app_backend/src/service/media.service.ts:1245
class MediaService {

SyntaxError: Identifier 'MediaService' has already been declared
    at wrapSafe (node:internal/modules/cjs/loader:1378:20)
    at Module._compile (node:internal/modules/cjs/loader:1428:41)
    at Module._compile (/Users/user/Desktop/jevah-app_backend/node_modules/source-map-support/source-map-support.js:568:25)
    at Module.m._compile (/private/var/folders/l9/1wp23qsj3616_b0__4ljrx6m0000gn/T/ts-node-dev-hook-5766972044571474.js:69:33)
    at Module._extensions..js (node:internal/modules/cjs/loader:1548:10)
    at require.extensions..jsx.require.extensions..js (/private/var/folders/l9/1wp23qsj3616_b0__4ljrx6m0000gn/T/ts-node-dev-hook-5766972044571474.js:114:20)
    at require.extensions.<computed> (/private/var/folders/l9/1wp23qsj3616_b0__4ljrx6m0000gn/T/ts-node-dev-hook-5766972044571474.js:71:20)
    at Object.nodeDevHook [as .ts] (/Users/user/Desktop/jevah-app_backend/node_modules/ts-node-dev/lib/hook.js:63:13)
    at Module.load (node:internal/modules/cjs/loader:1288:32)
    at Function.Module._load (node:internal/modules/cjs/loader:1104:12)
2025-08-25 17:06:34 [ERROR]: uncaughtException: listen EADDRINUSE: address already in use :::4000
Error: listen EADDRINUSE: address already in use :::4000
    at Server.setupListenHandle [as _listen2] (node:net:1908:16)
    at listenInCluster (node:net:1965:12)
    at Server.listen (node:net:2067:7)
    at /Users/user/Desktop/jevah-app_backend/src/index.ts:31:12
    at processTicksAndRejections (node:internal/process/task_queues:95:5) {"error":{"code":"EADDRINUSE","errno":-48,"syscall":"listen","address":"::","port":4000},"exception":true,"date":"Mon Aug 25 2025 17:06:34 GMT+0100 (West Africa Standard Time)","process":{"pid":82007,"uid":501,"gid":20,"cwd":"/Users/user/Desktop/jevah-app_backend","execPath":"/Users/user/.nvm/versions/node/v20.18.1/bin/node","version":"v20.18.1","argv":["/Users/user/.nvm/versions/node/v20.18.1/bin/node","src/index.ts"],"memoryUsage":{"rss":127995904,"heapTotal":77496320,"heapUsed":52689368,"external":21784882,"arrayBuffers":18370611}},"os":{"loadavg":[111.1513671875,208.7294921875,246.61865234375],"uptime":112762},"trace":[{"column":16,"file":"node:net","function":"Server.setupListenHandle [as _listen2]","line":1908,"method":"setupListenHandle [as _listen2]","native":false},{"column":12,"file":"node:net","function":"listenInCluster","line":1965,"method":null,"native":false},{"column":7,"file":"node:net","function":"Server.listen","line":2067,"method":"listen","native":false},{"column":12,"file":"/Users/user/Desktop/jevah-app_backend/src/index.ts","function":null,"line":31,"method":null,"native":false},{"column":5,"file":"node:internal/process/task_queues","function":"processTicksAndRejections","line":95,"method":null,"native":false}]}
Error: listen EADDRINUSE: address already in use :::4000
    at Server.setupListenHandle [as _listen2] (node:net:1908:16)
    at listenInCluster (node:net:1965:12)
    at Server.listen (node:net:2067:7)
    at /Users/user/Desktop/jevah-app_backend/src/index.ts:31:12
    at processTicksAndRejections (node:internal/process/task_queues:95:5)
2025-08-25 17:08:46 [ERROR]: uncaughtException: listen EADDRINUSE: address already in use :::4000
Error: listen EADDRINUSE: address already in use :::4000
    at Server.setupListenHandle [as _listen2] (node:net:1898:16)
    at listenInCluster (node:net:1946:12)
    at Server.listen (node:net:2044:7)
    at /Users/user/Desktop/jevah-app_backend/src/index.ts:31:12
    at processTicksAndRejections (node:internal/process/task_queues:95:5) {"error":{"code":"EADDRINUSE","errno":-48,"syscall":"listen","address":"::","port":4000},"exception":true,"date":"Mon Aug 25 2025 17:08:46 GMT+0100 (West Africa Standard Time)","process":{"pid":83442,"uid":501,"gid":20,"cwd":"/Users/user/Desktop/jevah-app_backend","execPath":"/usr/local/bin/node","version":"v20.13.1","argv":["/usr/local/bin/node","src/index.ts"],"memoryUsage":{"rss":125161472,"heapTotal":79396864,"heapUsed":41612416,"external":21737137,"arrayBuffers":18373190}},"os":{"loadavg":[73.23681640625,149.70849609375,216.77197265625],"uptime":112894},"trace":[{"column":16,"file":"node:net","function":"Server.setupListenHandle [as _listen2]","line":1898,"method":"setupListenHandle [as _listen2]","native":false},{"column":12,"file":"node:net","function":"listenInCluster","line":1946,"method":null,"native":false},{"column":7,"file":"node:net","function":"Server.listen","line":2044,"method":"listen","native":false},{"column":12,"file":"/Users/user/Desktop/jevah-app_backend/src/index.ts","function":null,"line":31,"method":null,"native":false},{"column":5,"file":"node:internal/process/task_queues","function":"processTicksAndRejections","line":95,"method":null,"native":false}]}
Error: listen EADDRINUSE: address already in use :::4000
    at Server.setupListenHandle [as _listen2] (node:net:1898:16)
    at listenInCluster (node:net:1946:12)
    at Server.listen (node:net:2044:7)
    at /Users/user/Desktop/jevah-app_backend/src/index.ts:31:12
    at processTicksAndRejections (node:internal/process/task_queues:95:5)
2025-08-25 17:20:31 [ERROR]: uncaughtException: ⨯ Unable to compile TypeScript:
src/service/media.service.ts(1101,1): error TS1005: '}' expected.

Error: ⨯ Unable to compile TypeScript:
src/service/media.service.ts(1101,1): error TS1005: '}' expected.

    at Object.<anonymous> (/Users/user/Desktop/jevah-app_backend/src/service/media.service.ts:1:7)
    at Module._compile (node:internal/modules/cjs/loader:1358:14)
    at Module._compile (/Users/user/Desktop/jevah-app_backend/node_modules/source-map-support/source-map-support.js:568:25)
    at Module.m._compile (/private/var/folders/l9/1wp23qsj3616_b0__4ljrx6m0000gn/T/ts-node-dev-hook-0001372518537643419.js:69:33)
    at Module._extensions..js (node:internal/modules/cjs/loader:1416:10)
    at require.extensions..jsx.require.extensions..js (/private/var/folders/l9/1wp23qsj3616_b0__4ljrx6m0000gn/T/ts-node-dev-hook-0001372518537643419.js:114:20)
    at require.extensions.<computed> (/private/var/folders/l9/1wp23qsj3616_b0__4ljrx6m0000gn/T/ts-node-dev-hook-0001372518537643419.js:71:20)
    at Object.nodeDevHook [as .ts] (/Users/user/Desktop/jevah-app_backend/node_modules/ts-node-dev/lib/hook.js:63:13)
    at Module.load (node:internal/modules/cjs/loader:1208:32)
    at Function.Module._load (node:internal/modules/cjs/loader:1024:12) {"error":{},"exception":true,"date":"Mon Aug 25 2025 17:20:30 GMT+0100 (West Africa Standard Time)","process":{"pid":87347,"uid":501,"gid":20,"cwd":"/Users/user/Desktop/jevah-app_backend","execPath":"/usr/local/bin/node","version":"v20.13.1","argv":["/usr/local/bin/node","src/index.ts"],"memoryUsage":{"rss":87957504,"heapTotal":66269184,"heapUsed":32016128,"external":20859493,"arrayBuffers":18273363}},"os":{"loadavg":[266.2451171875,230.62353515625,226.37744140625],"uptime":113599},"trace":[{"column":7,"file":"/Users/user/Desktop/jevah-app_backend/src/service/media.service.ts","function":null,"line":1,"method":null,"native":false},{"column":14,"file":"node:internal/modules/cjs/loader","function":"Module._compile","line":1358,"method":"_compile","native":false},{"column":25,"file":"/Users/user/Desktop/jevah-app_backend/node_modules/source-map-support/source-map-support.js","function":"Module._compile","line":568,"method":"_compile","native":false},{"column":33,"file":"/private/var/folders/l9/1wp23qsj3616_b0__4ljrx6m0000gn/T/ts-node-dev-hook-0001372518537643419.js","function":"Module.m._compile","line":69,"method":"_compile","native":false},{"column":10,"file":"node:internal/modules/cjs/loader","function":"Module._extensions..js","line":1416,"method":".js","native":false},{"column":20,"file":"/private/var/folders/l9/1wp23qsj3616_b0__4ljrx6m0000gn/T/ts-node-dev-hook-0001372518537643419.js","function":"require.extensions..jsx.require.extensions..js","line":114,"method":".js","native":false},{"column":20,"file":"/private/var/folders/l9/1wp23qsj3616_b0__4ljrx6m0000gn/T/ts-node-dev-hook-0001372518537643419.js","function":"require.extensions.<computed>","line":71,"method":"<computed>","native":false},{"column":13,"file":"/Users/user/Desktop/jevah-app_backend/node_modules/ts-node-dev/lib/hook.js","function":"Object.nodeDevHook [as .ts]","line":63,"method":"ts]","native":false},{"column":32,"file":"node:internal/modules/cjs/loader","function":"Module.load","line":1208,"method":"load","native":false},{"column":12,"file":"node:internal/modules/cjs/loader","function":"Module._load","line":1024,"method":"_load","native":false}]}
Error: ⨯ Unable to compile TypeScript:
src/service/media.service.ts(1101,1): error TS1005: '}' expected.

    at Object.<anonymous> (/Users/user/Desktop/jevah-app_backend/src/service/media.service.ts:1:7)
    at Module._compile (node:internal/modules/cjs/loader:1358:14)
    at Module._compile (/Users/user/Desktop/jevah-app_backend/node_modules/source-map-support/source-map-support.js:568:25)
    at Module.m._compile (/private/var/folders/l9/1wp23qsj3616_b0__4ljrx6m0000gn/T/ts-node-dev-hook-0001372518537643419.js:69:33)
    at Module._extensions..js (node:internal/modules/cjs/loader:1416:10)
    at require.extensions..jsx.require.extensions..js (/private/var/folders/l9/1wp23qsj3616_b0__4ljrx6m0000gn/T/ts-node-dev-hook-0001372518537643419.js:114:20)
    at require.extensions.<computed> (/private/var/folders/l9/1wp23qsj3616_b0__4ljrx6m0000gn/T/ts-node-dev-hook-0001372518537643419.js:71:20)
    at Object.nodeDevHook [as .ts] (/Users/user/Desktop/jevah-app_backend/node_modules/ts-node-dev/lib/hook.js:63:13)
    at Module.load (node:internal/modules/cjs/loader:1208:32)
    at Function.Module._load (node:internal/modules/cjs/loader:1024:12)
2025-08-25 17:20:30 [ERROR]: uncaughtException: ⨯ Unable to compile TypeScript:
src/service/media.service.ts(1101,1): error TS1005: '}' expected.

Error: ⨯ Unable to compile TypeScript:
src/service/media.service.ts(1101,1): error TS1005: '}' expected.

    at Object.<anonymous> (/Users/user/Desktop/jevah-app_backend/src/service/media.service.ts:1:7)
    at Module._compile (node:internal/modules/cjs/loader:1469:14)
    at Module._compile (/Users/user/Desktop/jevah-app_backend/node_modules/source-map-support/source-map-support.js:568:25)
    at Module.m._compile (/private/var/folders/l9/1wp23qsj3616_b0__4ljrx6m0000gn/T/ts-node-dev-hook-5766972044571474.js:69:33)
    at Module._extensions..js (node:internal/modules/cjs/loader:1548:10)
    at require.extensions..jsx.require.extensions..js (/private/var/folders/l9/1wp23qsj3616_b0__4ljrx6m0000gn/T/ts-node-dev-hook-5766972044571474.js:114:20)
    at require.extensions.<computed> (/private/var/folders/l9/1wp23qsj3616_b0__4ljrx6m0000gn/T/ts-node-dev-hook-5766972044571474.js:71:20)
    at Object.nodeDevHook [as .ts] (/Users/user/Desktop/jevah-app_backend/node_modules/ts-node-dev/lib/hook.js:63:13)
    at Module.load (node:internal/modules/cjs/loader:1288:32)
    at Function.Module._load (node:internal/modules/cjs/loader:1104:12) {"error":{},"exception":true,"date":"Mon Aug 25 2025 17:20:30 GMT+0100 (West Africa Standard Time)","process":{"pid":87354,"uid":501,"gid":20,"cwd":"/Users/user/Desktop/jevah-app_backend","execPath":"/Users/user/.nvm/versions/node/v20.18.1/bin/node","version":"v20.18.1","argv":["/Users/user/.nvm/versions/node/v20.18.1/bin/node","src/index.ts"],"memoryUsage":{"rss":88899584,"heapTotal":62627840,"heapUsed":44103592,"external":20892942,"arrayBuffers":18273364}},"os":{"loadavg":[266.2451171875,230.62353515625,226.37744140625],"uptime":113598},"trace":[{"column":7,"file":"/Users/user/Desktop/jevah-app_backend/src/service/media.service.ts","function":null,"line":1,"method":null,"native":false},{"column":14,"file":"node:internal/modules/cjs/loader","function":"Module._compile","line":1469,"method":"_compile","native":false},{"column":25,"file":"/Users/user/Desktop/jevah-app_backend/node_modules/source-map-support/source-map-support.js","function":"Module._compile","line":568,"method":"_compile","native":false},{"column":33,"file":"/private/var/folders/l9/1wp23qsj3616_b0__4ljrx6m0000gn/T/ts-node-dev-hook-5766972044571474.js","function":"Module.m._compile","line":69,"method":"_compile","native":false},{"column":10,"file":"node:internal/modules/cjs/loader","function":"Module._extensions..js","line":1548,"method":".js","native":false},{"column":20,"file":"/private/var/folders/l9/1wp23qsj3616_b0__4ljrx6m0000gn/T/ts-node-dev-hook-5766972044571474.js","function":"require.extensions..jsx.require.extensions..js","line":114,"method":".js","native":false},{"column":20,"file":"/private/var/folders/l9/1wp23qsj3616_b0__4ljrx6m0000gn/T/ts-node-dev-hook-5766972044571474.js","function":"require.extensions.<computed>","line":71,"method":"<computed>","native":false},{"column":13,"file":"/Users/user/Desktop/jevah-app_backend/node_modules/ts-node-dev/lib/hook.js","function":"Object.nodeDevHook [as .ts]","line":63,"method":"ts]","native":false},{"column":32,"file":"node:internal/modules/cjs/loader","function":"Module.load","line":1288,"method":"load","native":false},{"column":12,"file":"node:internal/modules/cjs/loader","function":"Module._load","line":1104,"method":"_load","native":false}]}
Error: ⨯ Unable to compile TypeScript:
src/service/media.service.ts(1101,1): error TS1005: '}' expected.

    at Object.<anonymous> (/Users/user/Desktop/jevah-app_backend/src/service/media.service.ts:1:7)
    at Module._compile (node:internal/modules/cjs/loader:1469:14)
    at Module._compile (/Users/user/Desktop/jevah-app_backend/node_modules/source-map-support/source-map-support.js:568:25)
    at Module.m._compile (/private/var/folders/l9/1wp23qsj3616_b0__4ljrx6m0000gn/T/ts-node-dev-hook-5766972044571474.js:69:33)
    at Module._extensions..js (node:internal/modules/cjs/loader:1548:10)
    at require.extensions..jsx.require.extensions..js (/private/var/folders/l9/1wp23qsj3616_b0__4ljrx6m0000gn/T/ts-node-dev-hook-5766972044571474.js:114:20)
    at require.extensions.<computed> (/private/var/folders/l9/1wp23qsj3616_b0__4ljrx6m0000gn/T/ts-node-dev-hook-5766972044571474.js:71:20)
    at Object.nodeDevHook [as .ts] (/Users/user/Desktop/jevah-app_backend/node_modules/ts-node-dev/lib/hook.js:63:13)
    at Module.load (node:internal/modules/cjs/loader:1288:32)
    at Function.Module._load (node:internal/modules/cjs/loader:1104:12)
2025-08-25 17:27:55 [ERROR]: uncaughtException: listen EADDRINUSE: address already in use :::4000
Error: listen EADDRINUSE: address already in use :::4000
    at Server.setupListenHandle [as _listen2] (node:net:1908:16)
    at listenInCluster (node:net:1965:12)
    at Server.listen (node:net:2067:7)
    at /Users/user/Desktop/jevah-app_backend/src/index.ts:31:12
    at processTicksAndRejections (node:internal/process/task_queues:95:5) {"error":{"code":"EADDRINUSE","errno":-48,"syscall":"listen","address":"::","port":4000},"exception":true,"date":"Mon Aug 25 2025 17:27:55 GMT+0100 (West Africa Standard Time)","process":{"pid":88053,"uid":501,"gid":20,"cwd":"/Users/user/Desktop/jevah-app_backend","execPath":"/Users/user/.nvm/versions/node/v20.18.1/bin/node","version":"v20.18.1","argv":["/Users/user/.nvm/versions/node/v20.18.1/bin/node","src/index.ts"],"memoryUsage":{"rss":114331648,"heapTotal":78979072,"heapUsed":41489360,"external":21783044,"arrayBuffers":18369955}},"os":{"loadavg":[324.4765625,292.36865234375,260.32763671875],"uptime":114043},"trace":[{"column":16,"file":"node:net","function":"Server.setupListenHandle [as _listen2]","line":1908,"method":"setupListenHandle [as _listen2]","native":false},{"column":12,"file":"node:net","function":"listenInCluster","line":1965,"method":null,"native":false},{"column":7,"file":"node:net","function":"Server.listen","line":2067,"method":"listen","native":false},{"column":12,"file":"/Users/user/Desktop/jevah-app_backend/src/index.ts","function":null,"line":31,"method":null,"native":false},{"column":5,"file":"node:internal/process/task_queues","function":"processTicksAndRejections","line":95,"method":null,"native":false}]}
Error: listen EADDRINUSE: address already in use :::4000
    at Server.setupListenHandle [as _listen2] (node:net:1908:16)
    at listenInCluster (node:net:1965:12)
    at Server.listen (node:net:2067:7)
    at /Users/user/Desktop/jevah-app_backend/src/index.ts:31:12
    at processTicksAndRejections (node:internal/process/task_queues:95:5)
